2025-05-10 10:20:40 INFO  [main] c.k.h.HomeRentalSystemApplication - Starting HomeRentalSystemApplication using Java 21.0.3 with PID 4252 (E:\Document\project-spring\rent-house\home-rental\home-rental-system\target\classes started by whyia in E:\Document\project-spring\rent-house\home-rental\home-rental-system)
2025-05-10 10:20:40 INFO  [main] c.k.h.HomeRentalSystemApplication - No active profile set, falling back to 1 default profile: "default"
2025-05-10 10:20:41 INFO  [main] o.s.d.r.c.RepositoryConfigurationDelegate - Multiple Spring Data modules found, entering strict repository configuration mode
2025-05-10 10:20:41 INFO  [main] o.s.d.r.c.RepositoryConfigurationDelegate - Bootstrapping Spring Data JPA repositories in DEFAULT mode.
2025-05-10 10:20:41 INFO  [main] o.s.d.r.c.RepositoryConfigurationDelegate - Finished Spring Data repository scanning in 225 ms. Found 16 JPA repository interfaces.
2025-05-10 10:20:41 INFO  [main] o.s.d.r.c.RepositoryConfigurationDelegate - Multiple Spring Data modules found, entering strict repository configuration mode
2025-05-10 10:20:41 INFO  [main] o.s.d.r.c.RepositoryConfigurationDelegate - Bootstrapping Spring Data Redis repositories in DEFAULT mode.
2025-05-10 10:20:41 INFO  [main] o.s.d.r.c.RepositoryConfigurationExtensionSupport - Spring Data Redis - Could not safely identify store assignment for repository candidate interface com.kir.homerentalsystem.repository.AccountRepository; If you want this repository to be a Redis repository, consider annotating your entities with one of these annotations: org.springframework.data.redis.core.RedisHash (preferred), or consider extending one of the following types with your repository: org.springframework.data.keyvalue.repository.KeyValueRepository
2025-05-10 10:20:41 INFO  [main] o.s.d.r.c.RepositoryConfigurationExtensionSupport - Spring Data Redis - Could not safely identify store assignment for repository candidate interface com.kir.homerentalsystem.repository.AmenityRepository; If you want this repository to be a Redis repository, consider annotating your entities with one of these annotations: org.springframework.data.redis.core.RedisHash (preferred), or consider extending one of the following types with your repository: org.springframework.data.keyvalue.repository.KeyValueRepository
2025-05-10 10:20:41 INFO  [main] o.s.d.r.c.RepositoryConfigurationExtensionSupport - Spring Data Redis - Could not safely identify store assignment for repository candidate interface com.kir.homerentalsystem.repository.CategoryAttributeRepository; If you want this repository to be a Redis repository, consider annotating your entities with one of these annotations: org.springframework.data.redis.core.RedisHash (preferred), or consider extending one of the following types with your repository: org.springframework.data.keyvalue.repository.KeyValueRepository
2025-05-10 10:20:41 INFO  [main] o.s.d.r.c.RepositoryConfigurationExtensionSupport - Spring Data Redis - Could not safely identify store assignment for repository candidate interface com.kir.homerentalsystem.repository.InvalidatedTokenRepository; If you want this repository to be a Redis repository, consider annotating your entities with one of these annotations: org.springframework.data.redis.core.RedisHash (preferred), or consider extending one of the following types with your repository: org.springframework.data.keyvalue.repository.KeyValueRepository
2025-05-10 10:20:41 INFO  [main] o.s.d.r.c.RepositoryConfigurationExtensionSupport - Spring Data Redis - Could not safely identify store assignment for repository candidate interface com.kir.homerentalsystem.repository.LeaseRepository; If you want this repository to be a Redis repository, consider annotating your entities with one of these annotations: org.springframework.data.redis.core.RedisHash (preferred), or consider extending one of the following types with your repository: org.springframework.data.keyvalue.repository.KeyValueRepository
2025-05-10 10:20:41 INFO  [main] o.s.d.r.c.RepositoryConfigurationExtensionSupport - Spring Data Redis - Could not safely identify store assignment for repository candidate interface com.kir.homerentalsystem.repository.LocationRepository; If you want this repository to be a Redis repository, consider annotating your entities with one of these annotations: org.springframework.data.redis.core.RedisHash (preferred), or consider extending one of the following types with your repository: org.springframework.data.keyvalue.repository.KeyValueRepository
2025-05-10 10:20:41 INFO  [main] o.s.d.r.c.RepositoryConfigurationExtensionSupport - Spring Data Redis - Could not safely identify store assignment for repository candidate interface com.kir.homerentalsystem.repository.NotificationRepository; If you want this repository to be a Redis repository, consider annotating your entities with one of these annotations: org.springframework.data.redis.core.RedisHash (preferred), or consider extending one of the following types with your repository: org.springframework.data.keyvalue.repository.KeyValueRepository
2025-05-10 10:20:41 INFO  [main] o.s.d.r.c.RepositoryConfigurationExtensionSupport - Spring Data Redis - Could not safely identify store assignment for repository candidate interface com.kir.homerentalsystem.repository.OwnerRepository; If you want this repository to be a Redis repository, consider annotating your entities with one of these annotations: org.springframework.data.redis.core.RedisHash (preferred), or consider extending one of the following types with your repository: org.springframework.data.keyvalue.repository.KeyValueRepository
2025-05-10 10:20:41 INFO  [main] o.s.d.r.c.RepositoryConfigurationExtensionSupport - Spring Data Redis - Could not safely identify store assignment for repository candidate interface com.kir.homerentalsystem.repository.PropertyAttributeRepository; If you want this repository to be a Redis repository, consider annotating your entities with one of these annotations: org.springframework.data.redis.core.RedisHash (preferred), or consider extending one of the following types with your repository: org.springframework.data.keyvalue.repository.KeyValueRepository
2025-05-10 10:20:41 INFO  [main] o.s.d.r.c.RepositoryConfigurationExtensionSupport - Spring Data Redis - Could not safely identify store assignment for repository candidate interface com.kir.homerentalsystem.repository.PropertyAttributeValueRepository; If you want this repository to be a Redis repository, consider annotating your entities with one of these annotations: org.springframework.data.redis.core.RedisHash (preferred), or consider extending one of the following types with your repository: org.springframework.data.keyvalue.repository.KeyValueRepository
2025-05-10 10:20:41 INFO  [main] o.s.d.r.c.RepositoryConfigurationExtensionSupport - Spring Data Redis - Could not safely identify store assignment for repository candidate interface com.kir.homerentalsystem.repository.PropertyCategoryRepository; If you want this repository to be a Redis repository, consider annotating your entities with one of these annotations: org.springframework.data.redis.core.RedisHash (preferred), or consider extending one of the following types with your repository: org.springframework.data.keyvalue.repository.KeyValueRepository
2025-05-10 10:20:41 INFO  [main] o.s.d.r.c.RepositoryConfigurationExtensionSupport - Spring Data Redis - Could not safely identify store assignment for repository candidate interface com.kir.homerentalsystem.repository.PropertyImageRepository; If you want this repository to be a Redis repository, consider annotating your entities with one of these annotations: org.springframework.data.redis.core.RedisHash (preferred), or consider extending one of the following types with your repository: org.springframework.data.keyvalue.repository.KeyValueRepository
2025-05-10 10:20:41 INFO  [main] o.s.d.r.c.RepositoryConfigurationExtensionSupport - Spring Data Redis - Could not safely identify store assignment for repository candidate interface com.kir.homerentalsystem.repository.PropertyRepository; If you want this repository to be a Redis repository, consider annotating your entities with one of these annotations: org.springframework.data.redis.core.RedisHash (preferred), or consider extending one of the following types with your repository: org.springframework.data.keyvalue.repository.KeyValueRepository
2025-05-10 10:20:41 INFO  [main] o.s.d.r.c.RepositoryConfigurationExtensionSupport - Spring Data Redis - Could not safely identify store assignment for repository candidate interface com.kir.homerentalsystem.repository.PropertyViewingRepository; If you want this repository to be a Redis repository, consider annotating your entities with one of these annotations: org.springframework.data.redis.core.RedisHash (preferred), or consider extending one of the following types with your repository: org.springframework.data.keyvalue.repository.KeyValueRepository
2025-05-10 10:20:41 INFO  [main] o.s.d.r.c.RepositoryConfigurationExtensionSupport - Spring Data Redis - Could not safely identify store assignment for repository candidate interface com.kir.homerentalsystem.repository.RoleRepository; If you want this repository to be a Redis repository, consider annotating your entities with one of these annotations: org.springframework.data.redis.core.RedisHash (preferred), or consider extending one of the following types with your repository: org.springframework.data.keyvalue.repository.KeyValueRepository
2025-05-10 10:20:41 INFO  [main] o.s.d.r.c.RepositoryConfigurationExtensionSupport - Spring Data Redis - Could not safely identify store assignment for repository candidate interface com.kir.homerentalsystem.repository.TenantRepository; If you want this repository to be a Redis repository, consider annotating your entities with one of these annotations: org.springframework.data.redis.core.RedisHash (preferred), or consider extending one of the following types with your repository: org.springframework.data.keyvalue.repository.KeyValueRepository
2025-05-10 10:20:41 INFO  [main] o.s.d.r.c.RepositoryConfigurationDelegate - Finished Spring Data repository scanning in 9 ms. Found 0 Redis repository interfaces.
2025-05-10 10:20:42 INFO  [main] o.s.b.w.e.tomcat.TomcatWebServer - Tomcat initialized with port 8888 (http)
2025-05-10 10:20:42 INFO  [main] o.a.coyote.http11.Http11NioProtocol - Initializing ProtocolHandler ["http-nio-8888"]
2025-05-10 10:20:42 INFO  [main] o.a.catalina.core.StandardService - Starting service [Tomcat]
2025-05-10 10:20:42 INFO  [main] o.a.catalina.core.StandardEngine - Starting Servlet engine: [Apache Tomcat/10.1.33]
2025-05-10 10:20:42 INFO  [main] o.a.c.c.C.[.[localhost].[/api/v1] - Initializing Spring embedded WebApplicationContext
2025-05-10 10:20:42 INFO  [main] o.s.b.w.s.c.ServletWebServerApplicationContext - Root WebApplicationContext: initialization completed in 1931 ms
2025-05-10 10:20:42 INFO  [main] o.h.jpa.internal.util.LogHelper - HHH000204: Processing PersistenceUnitInfo [name: default]
2025-05-10 10:20:42 INFO  [main] org.hibernate.Version - HHH000412: Hibernate ORM core version 6.6.2.Final
2025-05-10 10:20:42 INFO  [main] o.h.c.i.RegionFactoryInitiator - HHH000026: Second-level cache disabled
2025-05-10 10:20:43 INFO  [main] o.s.o.j.p.SpringPersistenceUnitInfo - No LoadTimeWeaver setup: ignoring JPA class transformer
2025-05-10 10:20:43 INFO  [main] com.zaxxer.hikari.HikariDataSource - HikariPool-1 - Starting...
2025-05-10 10:20:43 INFO  [main] com.zaxxer.hikari.pool.HikariPool - HikariPool-1 - Added connection com.mysql.cj.jdbc.ConnectionImpl@6c4786af
2025-05-10 10:20:43 INFO  [main] com.zaxxer.hikari.HikariDataSource - HikariPool-1 - Start completed.
2025-05-10 10:20:43 INFO  [main] o.hibernate.orm.connections.pooling - HHH10001005: Database info:
	Database JDBC URL [Connecting through datasource 'HikariDataSource (HikariPool-1)']
	Database driver: undefined/unknown
	Database version: 8.0.38
	Autocommit mode: undefined/unknown
	Isolation level: undefined/unknown
	Minimum pool size: undefined/unknown
	Maximum pool size: undefined/unknown
2025-05-10 10:20:44 INFO  [main] o.h.e.t.j.p.i.JtaPlatformInitiator - HHH000489: No JTA platform available (set 'hibernate.transaction.jta.platform' to enable JTA platform integration)
2025-05-10 10:20:44 INFO  [main] o.s.o.j.LocalContainerEntityManagerFactoryBean - Initialized JPA EntityManagerFactory for persistence unit 'default'
2025-05-10 10:20:46 WARN  [main] o.s.b.a.o.j.JpaBaseConfiguration$JpaWebConfiguration - spring.jpa.open-in-view is enabled by default. Therefore, database queries may be performed during view rendering. Explicitly configure spring.jpa.open-in-view to disable this warning
2025-05-10 10:20:46 INFO  [main] o.s.m.s.b.SimpleBrokerMessageHandler - Starting...
2025-05-10 10:20:46 INFO  [main] o.s.m.s.b.SimpleBrokerMessageHandler - BrokerAvailabilityEvent[available=true, SimpleBrokerMessageHandler [org.springframework.messaging.simp.broker.DefaultSubscriptionRegistry@6497bc28]]
2025-05-10 10:20:46 INFO  [main] o.s.m.s.b.SimpleBrokerMessageHandler - Started.
2025-05-10 10:20:46 INFO  [main] o.a.coyote.http11.Http11NioProtocol - Starting ProtocolHandler ["http-nio-8888"]
2025-05-10 10:20:46 INFO  [main] o.s.b.w.e.tomcat.TomcatWebServer - Tomcat started on port 8888 (http) with context path '/api/v1'
2025-05-10 10:20:46 INFO  [main] o.a.k.c.consumer.ConsumerConfig - ConsumerConfig values: 
	allow.auto.create.topics = true
	auto.commit.interval.ms = 5000
	auto.include.jmx.reporter = true
	auto.offset.reset = earliest
	bootstrap.servers = [localhost:9094]
	check.crcs = true
	client.dns.lookup = use_all_dns_ips
	client.id = consumer-renHome-1
	client.rack = 
	connections.max.idle.ms = 540000
	default.api.timeout.ms = 60000
	enable.auto.commit = false
	enable.metrics.push = true
	exclude.internal.topics = true
	fetch.max.bytes = 52428800
	fetch.max.wait.ms = 500
	fetch.min.bytes = 1
	group.id = renHome
	group.instance.id = null
	group.protocol = classic
	group.remote.assignor = null
	heartbeat.interval.ms = 3000
	interceptor.classes = []
	internal.leave.group.on.close = true
	internal.throw.on.fetch.stable.offset.unsupported = false
	isolation.level = read_uncommitted
	key.deserializer = class org.apache.kafka.common.serialization.StringDeserializer
	max.partition.fetch.bytes = 1048576
	max.poll.interval.ms = 300000
	max.poll.records = 500
	metadata.max.age.ms = 300000
	metadata.recovery.strategy = none
	metric.reporters = []
	metrics.num.samples = 2
	metrics.recording.level = INFO
	metrics.sample.window.ms = 30000
	partition.assignment.strategy = [class org.apache.kafka.clients.consumer.RangeAssignor, class org.apache.kafka.clients.consumer.CooperativeStickyAssignor]
	receive.buffer.bytes = 65536
	reconnect.backoff.max.ms = 1000
	reconnect.backoff.ms = 50
	request.timeout.ms = 30000
	retry.backoff.max.ms = 1000
	retry.backoff.ms = 100
	sasl.client.callback.handler.class = null
	sasl.jaas.config = null
	sasl.kerberos.kinit.cmd = /usr/bin/kinit
	sasl.kerberos.min.time.before.relogin = 60000
	sasl.kerberos.service.name = null
	sasl.kerberos.ticket.renew.jitter = 0.05
	sasl.kerberos.ticket.renew.window.factor = 0.8
	sasl.login.callback.handler.class = null
	sasl.login.class = null
	sasl.login.connect.timeout.ms = null
	sasl.login.read.timeout.ms = null
	sasl.login.refresh.buffer.seconds = 300
	sasl.login.refresh.min.period.seconds = 60
	sasl.login.refresh.window.factor = 0.8
	sasl.login.refresh.window.jitter = 0.05
	sasl.login.retry.backoff.max.ms = 10000
	sasl.login.retry.backoff.ms = 100
	sasl.mechanism = GSSAPI
	sasl.oauthbearer.clock.skew.seconds = 30
	sasl.oauthbearer.expected.audience = null
	sasl.oauthbearer.expected.issuer = null
	sasl.oauthbearer.jwks.endpoint.refresh.ms = 3600000
	sasl.oauthbearer.jwks.endpoint.retry.backoff.max.ms = 10000
	sasl.oauthbearer.jwks.endpoint.retry.backoff.ms = 100
	sasl.oauthbearer.jwks.endpoint.url = null
	sasl.oauthbearer.scope.claim.name = scope
	sasl.oauthbearer.sub.claim.name = sub
	sasl.oauthbearer.token.endpoint.url = null
	security.protocol = PLAINTEXT
	security.providers = null
	send.buffer.bytes = 131072
	session.timeout.ms = 45000
	socket.connection.setup.timeout.max.ms = 30000
	socket.connection.setup.timeout.ms = 10000
	ssl.cipher.suites = null
	ssl.enabled.protocols = [TLSv1.2, TLSv1.3]
	ssl.endpoint.identification.algorithm = https
	ssl.engine.factory.class = null
	ssl.key.password = null
	ssl.keymanager.algorithm = SunX509
	ssl.keystore.certificate.chain = null
	ssl.keystore.key = null
	ssl.keystore.location = null
	ssl.keystore.password = null
	ssl.keystore.type = JKS
	ssl.protocol = TLSv1.3
	ssl.provider = null
	ssl.secure.random.implementation = null
	ssl.trustmanager.algorithm = PKIX
	ssl.truststore.certificates = null
	ssl.truststore.location = null
	ssl.truststore.password = null
	ssl.truststore.type = JKS
	value.deserializer = class org.springframework.kafka.support.serializer.JsonDeserializer

2025-05-10 10:20:47 INFO  [main] o.a.k.c.t.i.KafkaMetricsCollector - initializing Kafka metrics collector
2025-05-10 10:20:47 INFO  [main] o.a.kafka.common.utils.AppInfoParser - Kafka version: 3.8.1
2025-05-10 10:20:47 INFO  [main] o.a.kafka.common.utils.AppInfoParser - Kafka commitId: 70d6ff42debf7e17
2025-05-10 10:20:47 INFO  [main] o.a.kafka.common.utils.AppInfoParser - Kafka startTimeMs: 1746847247129
2025-05-10 10:20:47 INFO  [main] o.a.k.c.c.i.LegacyKafkaConsumer - [Consumer clientId=consumer-renHome-1, groupId=renHome] Subscribed to topic(s): otp-topic-v1
2025-05-10 10:20:47 INFO  [main] c.k.h.HomeRentalSystemApplication - Started HomeRentalSystemApplication in 7.216 seconds (process running for 8.355)
2025-05-10 10:20:47 INFO  [org.springframework.kafka.KafkaListenerEndpointContainer#0-0-C-1] org.apache.kafka.clients.Metadata - [Consumer clientId=consumer-renHome-1, groupId=renHome] Cluster ID: eo6I1RrMRJ-KkDqQGogutw
2025-05-10 10:20:47 INFO  [org.springframework.kafka.KafkaListenerEndpointContainer#0-0-C-1] o.a.k.c.c.i.ConsumerCoordinator - [Consumer clientId=consumer-renHome-1, groupId=renHome] Discovered group coordinator localhost:9094 (id: 2147483647 rack: null)
2025-05-10 10:20:47 INFO  [org.springframework.kafka.KafkaListenerEndpointContainer#0-0-C-1] o.a.k.c.c.i.ConsumerCoordinator - [Consumer clientId=consumer-renHome-1, groupId=renHome] (Re-)joining group
2025-05-10 10:20:47 INFO  [org.springframework.kafka.KafkaListenerEndpointContainer#0-0-C-1] o.a.k.c.c.i.ConsumerCoordinator - [Consumer clientId=consumer-renHome-1, groupId=renHome] Request joining group due to: need to re-join with the given member-id: consumer-renHome-1-178ed09b-1554-4da1-abfd-22e53861d4e1
2025-05-10 10:20:47 INFO  [org.springframework.kafka.KafkaListenerEndpointContainer#0-0-C-1] o.a.k.c.c.i.ConsumerCoordinator - [Consumer clientId=consumer-renHome-1, groupId=renHome] (Re-)joining group
2025-05-10 10:20:50 INFO  [org.springframework.kafka.KafkaListenerEndpointContainer#0-0-C-1] o.a.k.c.c.i.ConsumerCoordinator - [Consumer clientId=consumer-renHome-1, groupId=renHome] Successfully joined group with generation Generation{generationId=667, memberId='consumer-renHome-1-178ed09b-1554-4da1-abfd-22e53861d4e1', protocol='range'}
2025-05-10 10:20:50 INFO  [org.springframework.kafka.KafkaListenerEndpointContainer#0-0-C-1] o.a.k.c.c.i.ConsumerCoordinator - [Consumer clientId=consumer-renHome-1, groupId=renHome] Finished assignment for group at generation 667: {consumer-renHome-1-178ed09b-1554-4da1-abfd-22e53861d4e1=Assignment(partitions=[otp-topic-v1-0])}
2025-05-10 10:20:50 INFO  [org.springframework.kafka.KafkaListenerEndpointContainer#0-0-C-1] o.a.k.c.c.i.ConsumerCoordinator - [Consumer clientId=consumer-renHome-1, groupId=renHome] Successfully synced group in generation Generation{generationId=667, memberId='consumer-renHome-1-178ed09b-1554-4da1-abfd-22e53861d4e1', protocol='range'}
2025-05-10 10:20:50 INFO  [org.springframework.kafka.KafkaListenerEndpointContainer#0-0-C-1] o.a.k.c.c.i.ConsumerCoordinator - [Consumer clientId=consumer-renHome-1, groupId=renHome] Notifying assignor about the new Assignment(partitions=[otp-topic-v1-0])
2025-05-10 10:20:50 INFO  [org.springframework.kafka.KafkaListenerEndpointContainer#0-0-C-1] o.a.k.c.c.i.ConsumerRebalanceListenerInvoker - [Consumer clientId=consumer-renHome-1, groupId=renHome] Adding newly assigned partitions: otp-topic-v1-0
2025-05-10 10:20:50 INFO  [org.springframework.kafka.KafkaListenerEndpointContainer#0-0-C-1] o.a.k.c.c.internals.ConsumerUtils - Setting offset for partition otp-topic-v1-0 to the committed offset FetchPosition{offset=53, offsetEpoch=Optional.empty, currentLeader=LeaderAndEpoch{leader=Optional[localhost:9094 (id: 0 rack: null)], epoch=14}}
2025-05-10 10:20:50 INFO  [org.springframework.kafka.KafkaListenerEndpointContainer#0-0-C-1] o.s.k.l.KafkaMessageListenerContainer - renHome: partitions assigned: [otp-topic-v1-0]
2025-05-10 10:21:46 INFO  [MessageBroker-1] o.s.w.s.c.WebSocketMessageBrokerStats - WebSocketSession[0 current WS(0)-HttpStream(0)-HttpPoll(0), 0 total, 0 closed abnormally (0 connect failure, 0 send limit, 0 transport error)], stompSubProtocol[processed CONNECT(0)-CONNECTED(0)-DISCONNECT(0)], stompBrokerRelay[null], inboundChannel[pool size = 0, active threads = 0, queued tasks = 0, completed tasks = 0], outboundChannel[pool size = 0, active threads = 0, queued tasks = 0, completed tasks = 0], sockJsScheduler[pool size = 2, active threads = 1, queued tasks = 1, completed tasks = 0]
2025-05-10 10:22:03 INFO  [http-nio-8888-exec-1] o.a.c.c.C.[.[localhost].[/api/v1] - Initializing Spring DispatcherServlet 'dispatcherServlet'
2025-05-10 10:22:03 INFO  [http-nio-8888-exec-1] o.s.web.servlet.DispatcherServlet - Initializing Servlet 'dispatcherServlet'
2025-05-10 10:22:03 INFO  [http-nio-8888-exec-1] o.s.web.servlet.DispatcherServlet - Completed initialization in 1 ms
2025-05-10 10:22:04 INFO  [http-nio-8888-exec-3] c.k.h.config.CustomJwtDecoder - Validating token: eyJhbGciOiJIUzI1NiJ9.eyJzdWIiOiI1NGR1bGxAY2hlZmFsaWNpb3VzLmNvbSIsImFjY291bnRJZCI6NCwic2NvcGUiOiJPV05FUiIsImlzcyI6ImRldiIsImV4cCI6MTc0Njg1NzMyNCwiaWF0IjoxNzQ2ODQ3MzI0LCJqdGkiOiI1OTUyMTY3YS00YjdlLTQ0OTgtYWRhNi1kNWI3NjVkNGRhMTkifQ.NaCRQpdwQ5rSpNZ4jFca0fEt6ssgC9FJiEmw_3FJUdE
2025-05-10 10:22:04 INFO  [http-nio-8888-exec-4] c.k.h.config.CustomJwtDecoder - Validating token: eyJhbGciOiJIUzI1NiJ9.eyJzdWIiOiI1NGR1bGxAY2hlZmFsaWNpb3VzLmNvbSIsImFjY291bnRJZCI6NCwic2NvcGUiOiJPV05FUiIsImlzcyI6ImRldiIsImV4cCI6MTc0Njg1NzMyNCwiaWF0IjoxNzQ2ODQ3MzI0LCJqdGkiOiI1OTUyMTY3YS00YjdlLTQ0OTgtYWRhNi1kNWI3NjVkNGRhMTkifQ.NaCRQpdwQ5rSpNZ4jFca0fEt6ssgC9FJiEmw_3FJUdE
2025-05-10 10:22:04 INFO  [http-nio-8888-exec-4] c.k.h.service.impl.AuthServiceImpl - Validate token func: true
2025-05-10 10:22:04 INFO  [http-nio-8888-exec-3] c.k.h.service.impl.AuthServiceImpl - Validate token func: true
2025-05-10 10:22:04 INFO  [http-nio-8888-exec-3] c.k.h.config.CustomJwtDecoder - Token validation response: true
2025-05-10 10:22:04 INFO  [http-nio-8888-exec-4] c.k.h.config.CustomJwtDecoder - Token validation response: true
2025-05-10 10:22:04 INFO  [http-nio-8888-exec-4] c.k.h.config.CustomJwtDecoder - Subject: 54dull@chefalicious.com
2025-05-10 10:22:04 INFO  [http-nio-8888-exec-3] c.k.h.config.CustomJwtDecoder - Subject: 54dull@chefalicious.com
2025-05-10 10:22:04 INFO  [http-nio-8888-exec-3] c.k.h.controller.AccountController - Get my info
2025-05-10 10:22:04 INFO  [http-nio-8888-exec-10] c.k.h.config.CustomJwtDecoder - Validating token: eyJhbGciOiJIUzI1NiJ9.eyJzdWIiOiI1NGR1bGxAY2hlZmFsaWNpb3VzLmNvbSIsImFjY291bnRJZCI6NCwic2NvcGUiOiJPV05FUiIsImlzcyI6ImRldiIsImV4cCI6MTc0Njg1NzMyNCwiaWF0IjoxNzQ2ODQ3MzI0LCJqdGkiOiI1OTUyMTY3YS00YjdlLTQ0OTgtYWRhNi1kNWI3NjVkNGRhMTkifQ.NaCRQpdwQ5rSpNZ4jFca0fEt6ssgC9FJiEmw_3FJUdE
2025-05-10 10:22:04 INFO  [http-nio-8888-exec-10] c.k.h.service.impl.AuthServiceImpl - Validate token func: true
2025-05-10 10:22:04 INFO  [http-nio-8888-exec-10] c.k.h.config.CustomJwtDecoder - Token validation response: true
2025-05-10 10:22:04 INFO  [http-nio-8888-exec-10] c.k.h.config.CustomJwtDecoder - Subject: 54dull@chefalicious.com
2025-05-10 10:22:05 INFO  [http-nio-8888-exec-5] c.k.h.config.CustomJwtDecoder - Validating token: eyJhbGciOiJIUzI1NiJ9.eyJzdWIiOiI1NGR1bGxAY2hlZmFsaWNpb3VzLmNvbSIsImFjY291bnRJZCI6NCwic2NvcGUiOiJPV05FUiIsImlzcyI6ImRldiIsImV4cCI6MTc0Njg1NzMyNCwiaWF0IjoxNzQ2ODQ3MzI0LCJqdGkiOiI1OTUyMTY3YS00YjdlLTQ0OTgtYWRhNi1kNWI3NjVkNGRhMTkifQ.NaCRQpdwQ5rSpNZ4jFca0fEt6ssgC9FJiEmw_3FJUdE
2025-05-10 10:22:05 INFO  [http-nio-8888-exec-5] c.k.h.service.impl.AuthServiceImpl - Validate token func: true
2025-05-10 10:22:05 INFO  [http-nio-8888-exec-5] c.k.h.config.CustomJwtDecoder - Token validation response: true
2025-05-10 10:22:05 INFO  [http-nio-8888-exec-5] c.k.h.config.CustomJwtDecoder - Subject: 54dull@chefalicious.com
2025-05-10 10:22:05 INFO  [http-nio-8888-exec-5] c.k.h.controller.AccountController - Get my info
2025-05-10 10:22:05 INFO  [http-nio-8888-exec-3] c.k.h.config.CustomJwtDecoder - Validating token: eyJhbGciOiJIUzI1NiJ9.eyJzdWIiOiI1NGR1bGxAY2hlZmFsaWNpb3VzLmNvbSIsImFjY291bnRJZCI6NCwic2NvcGUiOiJPV05FUiIsImlzcyI6ImRldiIsImV4cCI6MTc0Njg1NzMyNCwiaWF0IjoxNzQ2ODQ3MzI0LCJqdGkiOiI1OTUyMTY3YS00YjdlLTQ0OTgtYWRhNi1kNWI3NjVkNGRhMTkifQ.NaCRQpdwQ5rSpNZ4jFca0fEt6ssgC9FJiEmw_3FJUdE
2025-05-10 10:22:05 INFO  [http-nio-8888-exec-3] c.k.h.service.impl.AuthServiceImpl - Validate token func: true
2025-05-10 10:22:05 INFO  [http-nio-8888-exec-3] c.k.h.config.CustomJwtDecoder - Token validation response: true
2025-05-10 10:22:05 INFO  [http-nio-8888-exec-3] c.k.h.config.CustomJwtDecoder - Subject: 54dull@chefalicious.com
2025-05-10 10:22:05 INFO  [http-nio-8888-exec-3] c.k.h.controller.AccountController - Get my info
2025-05-10 10:22:08 INFO  [http-nio-8888-exec-6] c.k.h.config.CustomJwtDecoder - Validating token: eyJhbGciOiJIUzI1NiJ9.eyJzdWIiOiI1NGR1bGxAY2hlZmFsaWNpb3VzLmNvbSIsImFjY291bnRJZCI6NCwic2NvcGUiOiJPV05FUiIsImlzcyI6ImRldiIsImV4cCI6MTc0Njg1NzMyNCwiaWF0IjoxNzQ2ODQ3MzI0LCJqdGkiOiI1OTUyMTY3YS00YjdlLTQ0OTgtYWRhNi1kNWI3NjVkNGRhMTkifQ.NaCRQpdwQ5rSpNZ4jFca0fEt6ssgC9FJiEmw_3FJUdE
2025-05-10 10:22:08 INFO  [http-nio-8888-exec-6] c.k.h.service.impl.AuthServiceImpl - Validate token func: true
2025-05-10 10:22:08 INFO  [http-nio-8888-exec-6] c.k.h.config.CustomJwtDecoder - Token validation response: true
2025-05-10 10:22:08 INFO  [http-nio-8888-exec-6] c.k.h.config.CustomJwtDecoder - Subject: 54dull@chefalicious.com
2025-05-10 10:22:08 WARN  [http-nio-8888-exec-6] o.s.d.w.c.SpringDataJacksonConfiguration$PageModule$WarningLoggingModifier - Serializing PageImpl instances as-is is not supported, meaning that there is no guarantee about the stability of the resulting JSON structure!
	For a stable JSON structure, please use Spring Data's PagedModel (globally via @EnableSpringDataWebSupport(pageSerializationMode = VIA_DTO))
	or Spring HATEOAS and Spring Data's PagedResourcesAssembler as documented in https://docs.spring.io/spring-data/commons/reference/repositories/core-extensions.html#core.web.pageables.

2025-05-10 10:22:08 INFO  [http-nio-8888-exec-7] c.k.h.config.CustomJwtDecoder - Validating token: eyJhbGciOiJIUzI1NiJ9.eyJzdWIiOiI1NGR1bGxAY2hlZmFsaWNpb3VzLmNvbSIsImFjY291bnRJZCI6NCwic2NvcGUiOiJPV05FUiIsImlzcyI6ImRldiIsImV4cCI6MTc0Njg1NzMyNCwiaWF0IjoxNzQ2ODQ3MzI0LCJqdGkiOiI1OTUyMTY3YS00YjdlLTQ0OTgtYWRhNi1kNWI3NjVkNGRhMTkifQ.NaCRQpdwQ5rSpNZ4jFca0fEt6ssgC9FJiEmw_3FJUdE
2025-05-10 10:22:08 INFO  [http-nio-8888-exec-7] c.k.h.service.impl.AuthServiceImpl - Validate token func: true
2025-05-10 10:22:08 INFO  [http-nio-8888-exec-7] c.k.h.config.CustomJwtDecoder - Token validation response: true
2025-05-10 10:22:08 INFO  [http-nio-8888-exec-7] c.k.h.config.CustomJwtDecoder - Subject: 54dull@chefalicious.com
2025-05-10 10:22:13 INFO  [http-nio-8888-exec-2] c.k.h.config.CustomJwtDecoder - Validating token: eyJhbGciOiJIUzI1NiJ9.eyJzdWIiOiI1NGR1bGxAY2hlZmFsaWNpb3VzLmNvbSIsImFjY291bnRJZCI6NCwic2NvcGUiOiJPV05FUiIsImlzcyI6ImRldiIsImV4cCI6MTc0Njg1NzMyNCwiaWF0IjoxNzQ2ODQ3MzI0LCJqdGkiOiI1OTUyMTY3YS00YjdlLTQ0OTgtYWRhNi1kNWI3NjVkNGRhMTkifQ.NaCRQpdwQ5rSpNZ4jFca0fEt6ssgC9FJiEmw_3FJUdE
2025-05-10 10:22:13 INFO  [http-nio-8888-exec-2] c.k.h.service.impl.AuthServiceImpl - Validate token func: true
2025-05-10 10:22:13 INFO  [http-nio-8888-exec-2] c.k.h.config.CustomJwtDecoder - Token validation response: true
2025-05-10 10:22:13 INFO  [http-nio-8888-exec-2] c.k.h.config.CustomJwtDecoder - Subject: 54dull@chefalicious.com
2025-05-10 10:22:13 INFO  [http-nio-8888-exec-1] c.k.h.config.CustomJwtDecoder - Validating token: eyJhbGciOiJIUzI1NiJ9.eyJzdWIiOiI1NGR1bGxAY2hlZmFsaWNpb3VzLmNvbSIsImFjY291bnRJZCI6NCwic2NvcGUiOiJPV05FUiIsImlzcyI6ImRldiIsImV4cCI6MTc0Njg1NzMyNCwiaWF0IjoxNzQ2ODQ3MzI0LCJqdGkiOiI1OTUyMTY3YS00YjdlLTQ0OTgtYWRhNi1kNWI3NjVkNGRhMTkifQ.NaCRQpdwQ5rSpNZ4jFca0fEt6ssgC9FJiEmw_3FJUdE
2025-05-10 10:22:13 INFO  [http-nio-8888-exec-1] c.k.h.service.impl.AuthServiceImpl - Validate token func: true
2025-05-10 10:22:13 INFO  [http-nio-8888-exec-1] c.k.h.config.CustomJwtDecoder - Token validation response: true
2025-05-10 10:22:13 INFO  [http-nio-8888-exec-1] c.k.h.config.CustomJwtDecoder - Subject: 54dull@chefalicious.com
2025-05-10 10:23:28 INFO  [http-nio-8888-exec-4] c.k.h.config.CustomJwtDecoder - Validating token: eyJhbGciOiJIUzI1NiJ9.eyJzdWIiOiI1NGR1bGxAY2hlZmFsaWNpb3VzLmNvbSIsImFjY291bnRJZCI6NCwic2NvcGUiOiJPV05FUiIsImlzcyI6ImRldiIsImV4cCI6MTc0Njg1NzMyNCwiaWF0IjoxNzQ2ODQ3MzI0LCJqdGkiOiI1OTUyMTY3YS00YjdlLTQ0OTgtYWRhNi1kNWI3NjVkNGRhMTkifQ.NaCRQpdwQ5rSpNZ4jFca0fEt6ssgC9FJiEmw_3FJUdE
2025-05-10 10:23:28 INFO  [http-nio-8888-exec-4] c.k.h.service.impl.AuthServiceImpl - Validate token func: true
2025-05-10 10:23:28 INFO  [http-nio-8888-exec-4] c.k.h.config.CustomJwtDecoder - Token validation response: true
2025-05-10 10:23:28 INFO  [http-nio-8888-exec-4] c.k.h.config.CustomJwtDecoder - Subject: 54dull@chefalicious.com
2025-05-10 10:23:28 INFO  [http-nio-8888-exec-4] c.k.h.s.impl.PropertyServiceImpl - Owner added to property: 54dull@chefalicious.com
2025-05-10 10:23:28 INFO  [http-nio-8888-exec-4] c.k.h.s.impl.PropertyServiceImpl - Category added to property: 3
2025-05-10 10:23:28 INFO  [http-nio-8888-exec-4] c.k.h.s.impl.PropertyServiceImpl - Property saved: null
2025-05-10 10:23:28 INFO  [http-nio-8888-exec-4] c.k.h.s.impl.PropertyServiceImpl - Valid attribute id: 1
2025-05-10 10:23:28 INFO  [http-nio-8888-exec-4] c.k.h.s.impl.PropertyServiceImpl - Valid attribute id: 4
2025-05-10 10:23:28 INFO  [http-nio-8888-exec-4] c.k.h.s.impl.PropertyServiceImpl - Valid attribute id: 11
2025-05-10 10:23:28 INFO  [http-nio-8888-exec-4] c.k.h.s.impl.PropertyServiceImpl - Valid attribute id: 13
2025-05-10 10:23:28 INFO  [http-nio-8888-exec-4] c.k.h.s.impl.PropertyServiceImpl - Valid attribute id: 14
2025-05-10 10:23:28 INFO  [http-nio-8888-exec-4] c.k.h.s.impl.PropertyServiceImpl - Valid attribute id: 15
2025-05-10 10:23:45 INFO  [http-nio-8888-exec-4] c.k.h.s.impl.PropertyServiceImpl - Amenity added to property: 6
2025-05-10 10:23:45 INFO  [http-nio-8888-exec-4] c.k.h.s.impl.PropertyServiceImpl - Amenity added to property: 5
2025-05-10 10:23:45 INFO  [http-nio-8888-exec-4] c.k.h.s.impl.PropertyServiceImpl - Property saved: 49
2025-05-10 10:23:48 INFO  [http-nio-8888-exec-5] c.k.h.config.CustomJwtDecoder - Validating token: eyJhbGciOiJIUzI1NiJ9.eyJzdWIiOiI1NGR1bGxAY2hlZmFsaWNpb3VzLmNvbSIsImFjY291bnRJZCI6NCwic2NvcGUiOiJPV05FUiIsImlzcyI6ImRldiIsImV4cCI6MTc0Njg1NzMyNCwiaWF0IjoxNzQ2ODQ3MzI0LCJqdGkiOiI1OTUyMTY3YS00YjdlLTQ0OTgtYWRhNi1kNWI3NjVkNGRhMTkifQ.NaCRQpdwQ5rSpNZ4jFca0fEt6ssgC9FJiEmw_3FJUdE
2025-05-10 10:23:48 INFO  [http-nio-8888-exec-5] c.k.h.service.impl.AuthServiceImpl - Validate token func: true
2025-05-10 10:23:48 INFO  [http-nio-8888-exec-5] c.k.h.config.CustomJwtDecoder - Token validation response: true
2025-05-10 10:23:48 INFO  [http-nio-8888-exec-5] c.k.h.config.CustomJwtDecoder - Subject: 54dull@chefalicious.com
2025-05-10 10:23:48 INFO  [http-nio-8888-exec-3] c.k.h.config.CustomJwtDecoder - Validating token: eyJhbGciOiJIUzI1NiJ9.eyJzdWIiOiI1NGR1bGxAY2hlZmFsaWNpb3VzLmNvbSIsImFjY291bnRJZCI6NCwic2NvcGUiOiJPV05FUiIsImlzcyI6ImRldiIsImV4cCI6MTc0Njg1NzMyNCwiaWF0IjoxNzQ2ODQ3MzI0LCJqdGkiOiI1OTUyMTY3YS00YjdlLTQ0OTgtYWRhNi1kNWI3NjVkNGRhMTkifQ.NaCRQpdwQ5rSpNZ4jFca0fEt6ssgC9FJiEmw_3FJUdE
2025-05-10 10:23:48 INFO  [http-nio-8888-exec-3] c.k.h.service.impl.AuthServiceImpl - Validate token func: true
2025-05-10 10:23:48 INFO  [http-nio-8888-exec-3] c.k.h.config.CustomJwtDecoder - Token validation response: true
2025-05-10 10:23:48 INFO  [http-nio-8888-exec-3] c.k.h.config.CustomJwtDecoder - Subject: 54dull@chefalicious.com
2025-05-10 10:24:13 INFO  [http-nio-8888-exec-8] o.s.w.s.m.SubProtocolWebSocketHandler - No messages received after 128919 ms. Closing WebSocketServerSockJsSession[id=cewz10zk].
2025-05-10 10:24:21 INFO  [http-nio-8888-exec-9] c.k.h.config.CustomJwtDecoder - Validating token: eyJhbGciOiJIUzI1NiJ9.eyJzdWIiOiI1NGR1bGxAY2hlZmFsaWNpb3VzLmNvbSIsImFjY291bnRJZCI6NCwic2NvcGUiOiJPV05FUiIsImlzcyI6ImRldiIsImV4cCI6MTc0Njg1NzQ2MCwiaWF0IjoxNzQ2ODQ3NDYwLCJqdGkiOiJlOGRmYWZjYS03MzIyLTQzMDQtOGI0ZC01MjJmZWQ0ZmRmMzUifQ.pgG5W6N92pGIkbluEXggDFbycmUod4DMWqEDzsa-6-k
2025-05-10 10:24:21 INFO  [http-nio-8888-exec-9] c.k.h.service.impl.AuthServiceImpl - Validate token func: true
2025-05-10 10:24:21 INFO  [http-nio-8888-exec-9] c.k.h.config.CustomJwtDecoder - Token validation response: true
2025-05-10 10:24:21 INFO  [http-nio-8888-exec-9] c.k.h.config.CustomJwtDecoder - Subject: 54dull@chefalicious.com
2025-05-10 10:24:21 INFO  [http-nio-8888-exec-1] c.k.h.config.CustomJwtDecoder - Validating token: eyJhbGciOiJIUzI1NiJ9.eyJzdWIiOiI1NGR1bGxAY2hlZmFsaWNpb3VzLmNvbSIsImFjY291bnRJZCI6NCwic2NvcGUiOiJPV05FUiIsImlzcyI6ImRldiIsImV4cCI6MTc0Njg1NzQ2MCwiaWF0IjoxNzQ2ODQ3NDYwLCJqdGkiOiJlOGRmYWZjYS03MzIyLTQzMDQtOGI0ZC01MjJmZWQ0ZmRmMzUifQ.pgG5W6N92pGIkbluEXggDFbycmUod4DMWqEDzsa-6-k
2025-05-10 10:24:21 INFO  [http-nio-8888-exec-1] c.k.h.service.impl.AuthServiceImpl - Validate token func: true
2025-05-10 10:24:21 INFO  [http-nio-8888-exec-1] c.k.h.config.CustomJwtDecoder - Token validation response: true
2025-05-10 10:24:21 INFO  [http-nio-8888-exec-1] c.k.h.config.CustomJwtDecoder - Subject: 54dull@chefalicious.com
2025-05-10 10:24:21 INFO  [http-nio-8888-exec-1] c.k.h.controller.AccountController - Get my info
2025-05-10 10:24:21 INFO  [http-nio-8888-exec-6] c.k.h.config.CustomJwtDecoder - Validating token: eyJhbGciOiJIUzI1NiJ9.eyJzdWIiOiI1NGR1bGxAY2hlZmFsaWNpb3VzLmNvbSIsImFjY291bnRJZCI6NCwic2NvcGUiOiJPV05FUiIsImlzcyI6ImRldiIsImV4cCI6MTc0Njg1NzQ2MCwiaWF0IjoxNzQ2ODQ3NDYwLCJqdGkiOiJlOGRmYWZjYS03MzIyLTQzMDQtOGI0ZC01MjJmZWQ0ZmRmMzUifQ.pgG5W6N92pGIkbluEXggDFbycmUod4DMWqEDzsa-6-k
2025-05-10 10:24:21 INFO  [http-nio-8888-exec-6] c.k.h.service.impl.AuthServiceImpl - Validate token func: true
2025-05-10 10:24:21 INFO  [http-nio-8888-exec-6] c.k.h.config.CustomJwtDecoder - Token validation response: true
2025-05-10 10:24:21 INFO  [http-nio-8888-exec-6] c.k.h.config.CustomJwtDecoder - Subject: 54dull@chefalicious.com
2025-05-10 10:24:21 INFO  [http-nio-8888-exec-2] c.k.h.config.CustomJwtDecoder - Validating token: eyJhbGciOiJIUzI1NiJ9.eyJzdWIiOiI1NGR1bGxAY2hlZmFsaWNpb3VzLmNvbSIsImFjY291bnRJZCI6NCwic2NvcGUiOiJPV05FUiIsImlzcyI6ImRldiIsImV4cCI6MTc0Njg1NzQ2MCwiaWF0IjoxNzQ2ODQ3NDYwLCJqdGkiOiJlOGRmYWZjYS03MzIyLTQzMDQtOGI0ZC01MjJmZWQ0ZmRmMzUifQ.pgG5W6N92pGIkbluEXggDFbycmUod4DMWqEDzsa-6-k
2025-05-10 10:24:21 INFO  [http-nio-8888-exec-2] c.k.h.service.impl.AuthServiceImpl - Validate token func: true
2025-05-10 10:24:21 INFO  [http-nio-8888-exec-2] c.k.h.config.CustomJwtDecoder - Token validation response: true
2025-05-10 10:24:21 INFO  [http-nio-8888-exec-2] c.k.h.config.CustomJwtDecoder - Subject: 54dull@chefalicious.com
2025-05-10 10:24:21 INFO  [http-nio-8888-exec-2] c.k.h.controller.AccountController - Get my info
2025-05-10 10:24:21 INFO  [http-nio-8888-exec-1] c.k.h.config.CustomJwtDecoder - Validating token: eyJhbGciOiJIUzI1NiJ9.eyJzdWIiOiI1NGR1bGxAY2hlZmFsaWNpb3VzLmNvbSIsImFjY291bnRJZCI6NCwic2NvcGUiOiJPV05FUiIsImlzcyI6ImRldiIsImV4cCI6MTc0Njg1NzQ2MCwiaWF0IjoxNzQ2ODQ3NDYwLCJqdGkiOiJlOGRmYWZjYS03MzIyLTQzMDQtOGI0ZC01MjJmZWQ0ZmRmMzUifQ.pgG5W6N92pGIkbluEXggDFbycmUod4DMWqEDzsa-6-k
2025-05-10 10:24:21 INFO  [http-nio-8888-exec-1] c.k.h.service.impl.AuthServiceImpl - Validate token func: true
2025-05-10 10:24:21 INFO  [http-nio-8888-exec-1] c.k.h.config.CustomJwtDecoder - Token validation response: true
2025-05-10 10:24:21 INFO  [http-nio-8888-exec-1] c.k.h.config.CustomJwtDecoder - Subject: 54dull@chefalicious.com
2025-05-10 10:24:21 INFO  [http-nio-8888-exec-1] c.k.h.controller.AccountController - Get my info
2025-05-10 10:24:25 INFO  [http-nio-8888-exec-8] c.k.h.config.CustomJwtDecoder - Validating token: eyJhbGciOiJIUzI1NiJ9.eyJzdWIiOiI1NGR1bGxAY2hlZmFsaWNpb3VzLmNvbSIsImFjY291bnRJZCI6NCwic2NvcGUiOiJPV05FUiIsImlzcyI6ImRldiIsImV4cCI6MTc0Njg1NzQ2MCwiaWF0IjoxNzQ2ODQ3NDYwLCJqdGkiOiJlOGRmYWZjYS03MzIyLTQzMDQtOGI0ZC01MjJmZWQ0ZmRmMzUifQ.pgG5W6N92pGIkbluEXggDFbycmUod4DMWqEDzsa-6-k
2025-05-10 10:24:25 INFO  [http-nio-8888-exec-8] c.k.h.service.impl.AuthServiceImpl - Validate token func: true
2025-05-10 10:24:25 INFO  [http-nio-8888-exec-8] c.k.h.config.CustomJwtDecoder - Token validation response: true
2025-05-10 10:24:25 INFO  [http-nio-8888-exec-8] c.k.h.config.CustomJwtDecoder - Subject: 54dull@chefalicious.com
2025-05-10 10:24:25 INFO  [http-nio-8888-exec-10] c.k.h.config.CustomJwtDecoder - Validating token: eyJhbGciOiJIUzI1NiJ9.eyJzdWIiOiI1NGR1bGxAY2hlZmFsaWNpb3VzLmNvbSIsImFjY291bnRJZCI6NCwic2NvcGUiOiJPV05FUiIsImlzcyI6ImRldiIsImV4cCI6MTc0Njg1NzQ2MCwiaWF0IjoxNzQ2ODQ3NDYwLCJqdGkiOiJlOGRmYWZjYS03MzIyLTQzMDQtOGI0ZC01MjJmZWQ0ZmRmMzUifQ.pgG5W6N92pGIkbluEXggDFbycmUod4DMWqEDzsa-6-k
2025-05-10 10:24:25 INFO  [http-nio-8888-exec-10] c.k.h.service.impl.AuthServiceImpl - Validate token func: true
2025-05-10 10:24:25 INFO  [http-nio-8888-exec-10] c.k.h.config.CustomJwtDecoder - Token validation response: true
2025-05-10 10:24:25 INFO  [http-nio-8888-exec-10] c.k.h.config.CustomJwtDecoder - Subject: 54dull@chefalicious.com
2025-05-10 10:24:30 INFO  [http-nio-8888-exec-4] c.k.h.config.CustomJwtDecoder - Validating token: eyJhbGciOiJIUzI1NiJ9.eyJzdWIiOiI1NGR1bGxAY2hlZmFsaWNpb3VzLmNvbSIsImFjY291bnRJZCI6NCwic2NvcGUiOiJPV05FUiIsImlzcyI6ImRldiIsImV4cCI6MTc0Njg1NzQ2MCwiaWF0IjoxNzQ2ODQ3NDYwLCJqdGkiOiJlOGRmYWZjYS03MzIyLTQzMDQtOGI0ZC01MjJmZWQ0ZmRmMzUifQ.pgG5W6N92pGIkbluEXggDFbycmUod4DMWqEDzsa-6-k
2025-05-10 10:24:30 INFO  [http-nio-8888-exec-4] c.k.h.service.impl.AuthServiceImpl - Validate token func: true
2025-05-10 10:24:30 INFO  [http-nio-8888-exec-4] c.k.h.config.CustomJwtDecoder - Token validation response: true
2025-05-10 10:24:30 INFO  [http-nio-8888-exec-4] c.k.h.config.CustomJwtDecoder - Subject: 54dull@chefalicious.com
2025-05-10 10:24:30 INFO  [http-nio-8888-exec-6] c.k.h.config.CustomJwtDecoder - Validating token: eyJhbGciOiJIUzI1NiJ9.eyJzdWIiOiI1NGR1bGxAY2hlZmFsaWNpb3VzLmNvbSIsImFjY291bnRJZCI6NCwic2NvcGUiOiJPV05FUiIsImlzcyI6ImRldiIsImV4cCI6MTc0Njg1NzQ2MCwiaWF0IjoxNzQ2ODQ3NDYwLCJqdGkiOiJlOGRmYWZjYS03MzIyLTQzMDQtOGI0ZC01MjJmZWQ0ZmRmMzUifQ.pgG5W6N92pGIkbluEXggDFbycmUod4DMWqEDzsa-6-k
2025-05-10 10:24:30 INFO  [http-nio-8888-exec-6] c.k.h.service.impl.AuthServiceImpl - Validate token func: true
2025-05-10 10:24:30 INFO  [http-nio-8888-exec-6] c.k.h.config.CustomJwtDecoder - Token validation response: true
2025-05-10 10:24:30 INFO  [http-nio-8888-exec-6] c.k.h.config.CustomJwtDecoder - Subject: 54dull@chefalicious.com
2025-05-10 10:24:30 INFO  [http-nio-8888-exec-7] c.k.h.config.CustomJwtDecoder - Validating token: eyJhbGciOiJIUzI1NiJ9.eyJzdWIiOiI1NGR1bGxAY2hlZmFsaWNpb3VzLmNvbSIsImFjY291bnRJZCI6NCwic2NvcGUiOiJPV05FUiIsImlzcyI6ImRldiIsImV4cCI6MTc0Njg1NzQ2MCwiaWF0IjoxNzQ2ODQ3NDYwLCJqdGkiOiJlOGRmYWZjYS03MzIyLTQzMDQtOGI0ZC01MjJmZWQ0ZmRmMzUifQ.pgG5W6N92pGIkbluEXggDFbycmUod4DMWqEDzsa-6-k
2025-05-10 10:24:30 INFO  [http-nio-8888-exec-7] c.k.h.service.impl.AuthServiceImpl - Validate token func: true
2025-05-10 10:24:30 INFO  [http-nio-8888-exec-7] c.k.h.config.CustomJwtDecoder - Token validation response: true
2025-05-10 10:24:30 INFO  [http-nio-8888-exec-7] c.k.h.config.CustomJwtDecoder - Subject: 54dull@chefalicious.com
2025-05-10 10:24:31 INFO  [http-nio-8888-exec-9] c.k.h.config.CustomJwtDecoder - Validating token: eyJhbGciOiJIUzI1NiJ9.eyJzdWIiOiI1NGR1bGxAY2hlZmFsaWNpb3VzLmNvbSIsImFjY291bnRJZCI6NCwic2NvcGUiOiJPV05FUiIsImlzcyI6ImRldiIsImV4cCI6MTc0Njg1NzQ2MCwiaWF0IjoxNzQ2ODQ3NDYwLCJqdGkiOiJlOGRmYWZjYS03MzIyLTQzMDQtOGI0ZC01MjJmZWQ0ZmRmMzUifQ.pgG5W6N92pGIkbluEXggDFbycmUod4DMWqEDzsa-6-k
2025-05-10 10:24:31 INFO  [http-nio-8888-exec-9] c.k.h.service.impl.AuthServiceImpl - Validate token func: true
2025-05-10 10:24:31 INFO  [http-nio-8888-exec-9] c.k.h.config.CustomJwtDecoder - Token validation response: true
2025-05-10 10:24:31 INFO  [http-nio-8888-exec-9] c.k.h.config.CustomJwtDecoder - Subject: 54dull@chefalicious.com
2025-05-10 10:24:33 INFO  [http-nio-8888-exec-1] c.k.h.config.CustomJwtDecoder - Validating token: eyJhbGciOiJIUzI1NiJ9.eyJzdWIiOiI1NGR1bGxAY2hlZmFsaWNpb3VzLmNvbSIsImFjY291bnRJZCI6NCwic2NvcGUiOiJPV05FUiIsImlzcyI6ImRldiIsImV4cCI6MTc0Njg1NzQ2MCwiaWF0IjoxNzQ2ODQ3NDYwLCJqdGkiOiJlOGRmYWZjYS03MzIyLTQzMDQtOGI0ZC01MjJmZWQ0ZmRmMzUifQ.pgG5W6N92pGIkbluEXggDFbycmUod4DMWqEDzsa-6-k
2025-05-10 10:24:33 INFO  [http-nio-8888-exec-1] c.k.h.service.impl.AuthServiceImpl - Validate token func: true
2025-05-10 10:24:33 INFO  [http-nio-8888-exec-1] c.k.h.config.CustomJwtDecoder - Token validation response: true
2025-05-10 10:24:33 INFO  [http-nio-8888-exec-1] c.k.h.config.CustomJwtDecoder - Subject: 54dull@chefalicious.com
2025-05-10 10:24:33 INFO  [http-nio-8888-exec-10] c.k.h.config.CustomJwtDecoder - Validating token: eyJhbGciOiJIUzI1NiJ9.eyJzdWIiOiI1NGR1bGxAY2hlZmFsaWNpb3VzLmNvbSIsImFjY291bnRJZCI6NCwic2NvcGUiOiJPV05FUiIsImlzcyI6ImRldiIsImV4cCI6MTc0Njg1NzQ2MCwiaWF0IjoxNzQ2ODQ3NDYwLCJqdGkiOiJlOGRmYWZjYS03MzIyLTQzMDQtOGI0ZC01MjJmZWQ0ZmRmMzUifQ.pgG5W6N92pGIkbluEXggDFbycmUod4DMWqEDzsa-6-k
2025-05-10 10:24:33 INFO  [http-nio-8888-exec-10] c.k.h.service.impl.AuthServiceImpl - Validate token func: true
2025-05-10 10:24:33 INFO  [http-nio-8888-exec-10] c.k.h.config.CustomJwtDecoder - Token validation response: true
2025-05-10 10:24:33 INFO  [http-nio-8888-exec-10] c.k.h.config.CustomJwtDecoder - Subject: 54dull@chefalicious.com
2025-05-10 10:24:33 INFO  [http-nio-8888-exec-5] c.k.h.config.CustomJwtDecoder - Validating token: eyJhbGciOiJIUzI1NiJ9.eyJzdWIiOiI1NGR1bGxAY2hlZmFsaWNpb3VzLmNvbSIsImFjY291bnRJZCI6NCwic2NvcGUiOiJPV05FUiIsImlzcyI6ImRldiIsImV4cCI6MTc0Njg1NzQ2MCwiaWF0IjoxNzQ2ODQ3NDYwLCJqdGkiOiJlOGRmYWZjYS03MzIyLTQzMDQtOGI0ZC01MjJmZWQ0ZmRmMzUifQ.pgG5W6N92pGIkbluEXggDFbycmUod4DMWqEDzsa-6-k
2025-05-10 10:24:33 INFO  [http-nio-8888-exec-5] c.k.h.service.impl.AuthServiceImpl - Validate token func: true
2025-05-10 10:24:33 INFO  [http-nio-8888-exec-5] c.k.h.config.CustomJwtDecoder - Token validation response: true
2025-05-10 10:24:33 INFO  [http-nio-8888-exec-5] c.k.h.config.CustomJwtDecoder - Subject: 54dull@chefalicious.com
2025-05-10 10:24:34 INFO  [http-nio-8888-exec-4] c.k.h.config.CustomJwtDecoder - Validating token: eyJhbGciOiJIUzI1NiJ9.eyJzdWIiOiI1NGR1bGxAY2hlZmFsaWNpb3VzLmNvbSIsImFjY291bnRJZCI6NCwic2NvcGUiOiJPV05FUiIsImlzcyI6ImRldiIsImV4cCI6MTc0Njg1NzQ2MCwiaWF0IjoxNzQ2ODQ3NDYwLCJqdGkiOiJlOGRmYWZjYS03MzIyLTQzMDQtOGI0ZC01MjJmZWQ0ZmRmMzUifQ.pgG5W6N92pGIkbluEXggDFbycmUod4DMWqEDzsa-6-k
2025-05-10 10:24:34 INFO  [http-nio-8888-exec-4] c.k.h.service.impl.AuthServiceImpl - Validate token func: true
2025-05-10 10:24:34 INFO  [http-nio-8888-exec-4] c.k.h.config.CustomJwtDecoder - Token validation response: true
2025-05-10 10:24:34 INFO  [http-nio-8888-exec-4] c.k.h.config.CustomJwtDecoder - Subject: 54dull@chefalicious.com
2025-05-10 10:24:36 INFO  [http-nio-8888-exec-6] c.k.h.config.CustomJwtDecoder - Validating token: eyJhbGciOiJIUzI1NiJ9.eyJzdWIiOiI1NGR1bGxAY2hlZmFsaWNpb3VzLmNvbSIsImFjY291bnRJZCI6NCwic2NvcGUiOiJPV05FUiIsImlzcyI6ImRldiIsImV4cCI6MTc0Njg1NzQ2MCwiaWF0IjoxNzQ2ODQ3NDYwLCJqdGkiOiJlOGRmYWZjYS03MzIyLTQzMDQtOGI0ZC01MjJmZWQ0ZmRmMzUifQ.pgG5W6N92pGIkbluEXggDFbycmUod4DMWqEDzsa-6-k
2025-05-10 10:24:36 INFO  [http-nio-8888-exec-6] c.k.h.service.impl.AuthServiceImpl - Validate token func: true
2025-05-10 10:24:36 INFO  [http-nio-8888-exec-6] c.k.h.config.CustomJwtDecoder - Token validation response: true
2025-05-10 10:24:36 INFO  [http-nio-8888-exec-6] c.k.h.config.CustomJwtDecoder - Subject: 54dull@chefalicious.com
2025-05-10 10:24:36 INFO  [http-nio-8888-exec-9] c.k.h.config.CustomJwtDecoder - Validating token: eyJhbGciOiJIUzI1NiJ9.eyJzdWIiOiI1NGR1bGxAY2hlZmFsaWNpb3VzLmNvbSIsImFjY291bnRJZCI6NCwic2NvcGUiOiJPV05FUiIsImlzcyI6ImRldiIsImV4cCI6MTc0Njg1NzQ2MCwiaWF0IjoxNzQ2ODQ3NDYwLCJqdGkiOiJlOGRmYWZjYS03MzIyLTQzMDQtOGI0ZC01MjJmZWQ0ZmRmMzUifQ.pgG5W6N92pGIkbluEXggDFbycmUod4DMWqEDzsa-6-k
2025-05-10 10:24:36 INFO  [http-nio-8888-exec-9] c.k.h.service.impl.AuthServiceImpl - Validate token func: true
2025-05-10 10:24:36 INFO  [http-nio-8888-exec-9] c.k.h.config.CustomJwtDecoder - Token validation response: true
2025-05-10 10:24:36 INFO  [http-nio-8888-exec-9] c.k.h.config.CustomJwtDecoder - Subject: 54dull@chefalicious.com
2025-05-10 10:24:37 INFO  [http-nio-8888-exec-2] c.k.h.config.CustomJwtDecoder - Validating token: eyJhbGciOiJIUzI1NiJ9.eyJzdWIiOiI1NGR1bGxAY2hlZmFsaWNpb3VzLmNvbSIsImFjY291bnRJZCI6NCwic2NvcGUiOiJPV05FUiIsImlzcyI6ImRldiIsImV4cCI6MTc0Njg1NzQ2MCwiaWF0IjoxNzQ2ODQ3NDYwLCJqdGkiOiJlOGRmYWZjYS03MzIyLTQzMDQtOGI0ZC01MjJmZWQ0ZmRmMzUifQ.pgG5W6N92pGIkbluEXggDFbycmUod4DMWqEDzsa-6-k
2025-05-10 10:24:37 INFO  [http-nio-8888-exec-2] c.k.h.service.impl.AuthServiceImpl - Validate token func: true
2025-05-10 10:24:37 INFO  [http-nio-8888-exec-2] c.k.h.config.CustomJwtDecoder - Token validation response: true
2025-05-10 10:24:37 INFO  [http-nio-8888-exec-2] c.k.h.config.CustomJwtDecoder - Subject: 54dull@chefalicious.com
2025-05-10 10:24:38 INFO  [http-nio-8888-exec-1] c.k.h.config.CustomJwtDecoder - Validating token: eyJhbGciOiJIUzI1NiJ9.eyJzdWIiOiI1NGR1bGxAY2hlZmFsaWNpb3VzLmNvbSIsImFjY291bnRJZCI6NCwic2NvcGUiOiJPV05FUiIsImlzcyI6ImRldiIsImV4cCI6MTc0Njg1NzQ2MCwiaWF0IjoxNzQ2ODQ3NDYwLCJqdGkiOiJlOGRmYWZjYS03MzIyLTQzMDQtOGI0ZC01MjJmZWQ0ZmRmMzUifQ.pgG5W6N92pGIkbluEXggDFbycmUod4DMWqEDzsa-6-k
2025-05-10 10:24:38 INFO  [http-nio-8888-exec-1] c.k.h.service.impl.AuthServiceImpl - Validate token func: true
2025-05-10 10:24:38 INFO  [http-nio-8888-exec-1] c.k.h.config.CustomJwtDecoder - Token validation response: true
2025-05-10 10:24:38 INFO  [http-nio-8888-exec-1] c.k.h.config.CustomJwtDecoder - Subject: 54dull@chefalicious.com
2025-05-10 10:24:45 INFO  [http-nio-8888-exec-10] c.k.h.config.CustomJwtDecoder - Validating token: eyJhbGciOiJIUzI1NiJ9.eyJzdWIiOiI1NGR1bGxAY2hlZmFsaWNpb3VzLmNvbSIsImFjY291bnRJZCI6NCwic2NvcGUiOiJPV05FUiIsImlzcyI6ImRldiIsImV4cCI6MTc0Njg1NzQ2MCwiaWF0IjoxNzQ2ODQ3NDYwLCJqdGkiOiJlOGRmYWZjYS03MzIyLTQzMDQtOGI0ZC01MjJmZWQ0ZmRmMzUifQ.pgG5W6N92pGIkbluEXggDFbycmUod4DMWqEDzsa-6-k
2025-05-10 10:24:45 INFO  [http-nio-8888-exec-10] c.k.h.service.impl.AuthServiceImpl - Validate token func: true
2025-05-10 10:24:45 INFO  [http-nio-8888-exec-10] c.k.h.config.CustomJwtDecoder - Token validation response: true
2025-05-10 10:24:45 INFO  [http-nio-8888-exec-10] c.k.h.config.CustomJwtDecoder - Subject: 54dull@chefalicious.com
2025-05-10 10:24:45 INFO  [http-nio-8888-exec-4] c.k.h.config.CustomJwtDecoder - Validating token: eyJhbGciOiJIUzI1NiJ9.eyJzdWIiOiI1NGR1bGxAY2hlZmFsaWNpb3VzLmNvbSIsImFjY291bnRJZCI6NCwic2NvcGUiOiJPV05FUiIsImlzcyI6ImRldiIsImV4cCI6MTc0Njg1NzQ2MCwiaWF0IjoxNzQ2ODQ3NDYwLCJqdGkiOiJlOGRmYWZjYS03MzIyLTQzMDQtOGI0ZC01MjJmZWQ0ZmRmMzUifQ.pgG5W6N92pGIkbluEXggDFbycmUod4DMWqEDzsa-6-k
2025-05-10 10:24:45 INFO  [http-nio-8888-exec-4] c.k.h.service.impl.AuthServiceImpl - Validate token func: true
2025-05-10 10:24:45 INFO  [http-nio-8888-exec-4] c.k.h.config.CustomJwtDecoder - Token validation response: true
2025-05-10 10:24:45 INFO  [http-nio-8888-exec-4] c.k.h.config.CustomJwtDecoder - Subject: 54dull@chefalicious.com
2025-05-10 10:24:45 INFO  [http-nio-8888-exec-3] c.k.h.config.CustomJwtDecoder - Validating token: eyJhbGciOiJIUzI1NiJ9.eyJzdWIiOiI1NGR1bGxAY2hlZmFsaWNpb3VzLmNvbSIsImFjY291bnRJZCI6NCwic2NvcGUiOiJPV05FUiIsImlzcyI6ImRldiIsImV4cCI6MTc0Njg1NzQ2MCwiaWF0IjoxNzQ2ODQ3NDYwLCJqdGkiOiJlOGRmYWZjYS03MzIyLTQzMDQtOGI0ZC01MjJmZWQ0ZmRmMzUifQ.pgG5W6N92pGIkbluEXggDFbycmUod4DMWqEDzsa-6-k
2025-05-10 10:24:45 INFO  [http-nio-8888-exec-3] c.k.h.service.impl.AuthServiceImpl - Validate token func: true
2025-05-10 10:24:45 INFO  [http-nio-8888-exec-3] c.k.h.config.CustomJwtDecoder - Token validation response: true
2025-05-10 10:24:45 INFO  [http-nio-8888-exec-3] c.k.h.config.CustomJwtDecoder - Subject: 54dull@chefalicious.com
2025-05-10 10:24:45 INFO  [http-nio-8888-exec-6] c.k.h.config.CustomJwtDecoder - Validating token: eyJhbGciOiJIUzI1NiJ9.eyJzdWIiOiI1NGR1bGxAY2hlZmFsaWNpb3VzLmNvbSIsImFjY291bnRJZCI6NCwic2NvcGUiOiJPV05FUiIsImlzcyI6ImRldiIsImV4cCI6MTc0Njg1NzQ2MCwiaWF0IjoxNzQ2ODQ3NDYwLCJqdGkiOiJlOGRmYWZjYS03MzIyLTQzMDQtOGI0ZC01MjJmZWQ0ZmRmMzUifQ.pgG5W6N92pGIkbluEXggDFbycmUod4DMWqEDzsa-6-k
2025-05-10 10:24:45 INFO  [http-nio-8888-exec-6] c.k.h.service.impl.AuthServiceImpl - Validate token func: true
2025-05-10 10:24:45 INFO  [http-nio-8888-exec-6] c.k.h.config.CustomJwtDecoder - Token validation response: true
2025-05-10 10:24:45 INFO  [http-nio-8888-exec-6] c.k.h.config.CustomJwtDecoder - Subject: 54dull@chefalicious.com
2025-05-10 10:24:50 INFO  [http-nio-8888-exec-9] c.k.h.config.CustomJwtDecoder - Validating token: eyJhbGciOiJIUzI1NiJ9.eyJzdWIiOiI1NGR1bGxAY2hlZmFsaWNpb3VzLmNvbSIsImFjY291bnRJZCI6NCwic2NvcGUiOiJPV05FUiIsImlzcyI6ImRldiIsImV4cCI6MTc0Njg1NzQ2MCwiaWF0IjoxNzQ2ODQ3NDYwLCJqdGkiOiJlOGRmYWZjYS03MzIyLTQzMDQtOGI0ZC01MjJmZWQ0ZmRmMzUifQ.pgG5W6N92pGIkbluEXggDFbycmUod4DMWqEDzsa-6-k
2025-05-10 10:24:50 INFO  [http-nio-8888-exec-9] c.k.h.service.impl.AuthServiceImpl - Validate token func: true
2025-05-10 10:24:50 INFO  [http-nio-8888-exec-9] c.k.h.config.CustomJwtDecoder - Token validation response: true
2025-05-10 10:24:50 INFO  [http-nio-8888-exec-9] c.k.h.config.CustomJwtDecoder - Subject: 54dull@chefalicious.com
2025-05-10 10:24:50 INFO  [http-nio-8888-exec-1] c.k.h.config.CustomJwtDecoder - Validating token: eyJhbGciOiJIUzI1NiJ9.eyJzdWIiOiI1NGR1bGxAY2hlZmFsaWNpb3VzLmNvbSIsImFjY291bnRJZCI6NCwic2NvcGUiOiJPV05FUiIsImlzcyI6ImRldiIsImV4cCI6MTc0Njg1NzQ2MCwiaWF0IjoxNzQ2ODQ3NDYwLCJqdGkiOiJlOGRmYWZjYS03MzIyLTQzMDQtOGI0ZC01MjJmZWQ0ZmRmMzUifQ.pgG5W6N92pGIkbluEXggDFbycmUod4DMWqEDzsa-6-k
2025-05-10 10:24:50 INFO  [http-nio-8888-exec-1] c.k.h.service.impl.AuthServiceImpl - Validate token func: true
2025-05-10 10:24:50 INFO  [http-nio-8888-exec-1] c.k.h.config.CustomJwtDecoder - Token validation response: true
2025-05-10 10:24:50 INFO  [http-nio-8888-exec-1] c.k.h.config.CustomJwtDecoder - Subject: 54dull@chefalicious.com
2025-05-10 10:24:50 INFO  [http-nio-8888-exec-8] c.k.h.config.CustomJwtDecoder - Validating token: eyJhbGciOiJIUzI1NiJ9.eyJzdWIiOiI1NGR1bGxAY2hlZmFsaWNpb3VzLmNvbSIsImFjY291bnRJZCI6NCwic2NvcGUiOiJPV05FUiIsImlzcyI6ImRldiIsImV4cCI6MTc0Njg1NzQ2MCwiaWF0IjoxNzQ2ODQ3NDYwLCJqdGkiOiJlOGRmYWZjYS03MzIyLTQzMDQtOGI0ZC01MjJmZWQ0ZmRmMzUifQ.pgG5W6N92pGIkbluEXggDFbycmUod4DMWqEDzsa-6-k
2025-05-10 10:24:50 INFO  [http-nio-8888-exec-8] c.k.h.service.impl.AuthServiceImpl - Validate token func: true
2025-05-10 10:24:50 INFO  [http-nio-8888-exec-8] c.k.h.config.CustomJwtDecoder - Token validation response: true
2025-05-10 10:24:50 INFO  [http-nio-8888-exec-8] c.k.h.config.CustomJwtDecoder - Subject: 54dull@chefalicious.com
2025-05-10 10:24:51 INFO  [http-nio-8888-exec-10] c.k.h.config.CustomJwtDecoder - Validating token: eyJhbGciOiJIUzI1NiJ9.eyJzdWIiOiI1NGR1bGxAY2hlZmFsaWNpb3VzLmNvbSIsImFjY291bnRJZCI6NCwic2NvcGUiOiJPV05FUiIsImlzcyI6ImRldiIsImV4cCI6MTc0Njg1NzQ2MCwiaWF0IjoxNzQ2ODQ3NDYwLCJqdGkiOiJlOGRmYWZjYS03MzIyLTQzMDQtOGI0ZC01MjJmZWQ0ZmRmMzUifQ.pgG5W6N92pGIkbluEXggDFbycmUod4DMWqEDzsa-6-k
2025-05-10 10:24:51 INFO  [http-nio-8888-exec-10] c.k.h.service.impl.AuthServiceImpl - Validate token func: true
2025-05-10 10:24:51 INFO  [http-nio-8888-exec-10] c.k.h.config.CustomJwtDecoder - Token validation response: true
2025-05-10 10:24:51 INFO  [http-nio-8888-exec-10] c.k.h.config.CustomJwtDecoder - Subject: 54dull@chefalicious.com
2025-05-10 10:25:22 INFO  [http-nio-8888-exec-4] c.k.h.config.CustomJwtDecoder - Validating token: eyJhbGciOiJIUzI1NiJ9.eyJzdWIiOiI1NGR1bGxAY2hlZmFsaWNpb3VzLmNvbSIsImFjY291bnRJZCI6NCwic2NvcGUiOiJPV05FUiIsImlzcyI6ImRldiIsImV4cCI6MTc0Njg1NzQ2MCwiaWF0IjoxNzQ2ODQ3NDYwLCJqdGkiOiJlOGRmYWZjYS03MzIyLTQzMDQtOGI0ZC01MjJmZWQ0ZmRmMzUifQ.pgG5W6N92pGIkbluEXggDFbycmUod4DMWqEDzsa-6-k
2025-05-10 10:25:22 INFO  [http-nio-8888-exec-4] c.k.h.service.impl.AuthServiceImpl - Validate token func: true
2025-05-10 10:25:22 INFO  [http-nio-8888-exec-4] c.k.h.config.CustomJwtDecoder - Token validation response: true
2025-05-10 10:25:22 INFO  [http-nio-8888-exec-4] c.k.h.config.CustomJwtDecoder - Subject: 54dull@chefalicious.com
2025-05-10 10:25:22 INFO  [http-nio-8888-exec-2] c.k.h.config.CustomJwtDecoder - Validating token: eyJhbGciOiJIUzI1NiJ9.eyJzdWIiOiI1NGR1bGxAY2hlZmFsaWNpb3VzLmNvbSIsImFjY291bnRJZCI6NCwic2NvcGUiOiJPV05FUiIsImlzcyI6ImRldiIsImV4cCI6MTc0Njg1NzQ2MCwiaWF0IjoxNzQ2ODQ3NDYwLCJqdGkiOiJlOGRmYWZjYS03MzIyLTQzMDQtOGI0ZC01MjJmZWQ0ZmRmMzUifQ.pgG5W6N92pGIkbluEXggDFbycmUod4DMWqEDzsa-6-k
2025-05-10 10:25:22 INFO  [http-nio-8888-exec-2] c.k.h.service.impl.AuthServiceImpl - Validate token func: true
2025-05-10 10:25:22 INFO  [http-nio-8888-exec-2] c.k.h.config.CustomJwtDecoder - Token validation response: true
2025-05-10 10:25:22 INFO  [http-nio-8888-exec-2] c.k.h.config.CustomJwtDecoder - Subject: 54dull@chefalicious.com
2025-05-10 10:26:09 INFO  [http-nio-8888-exec-9] c.k.h.config.CustomJwtDecoder - Validating token: eyJhbGciOiJIUzI1NiJ9.eyJzdWIiOiI1NGR1bGxAY2hlZmFsaWNpb3VzLmNvbSIsImFjY291bnRJZCI6NCwic2NvcGUiOiJPV05FUiIsImlzcyI6ImRldiIsImV4cCI6MTc0Njg1NzQ2MCwiaWF0IjoxNzQ2ODQ3NDYwLCJqdGkiOiJlOGRmYWZjYS03MzIyLTQzMDQtOGI0ZC01MjJmZWQ0ZmRmMzUifQ.pgG5W6N92pGIkbluEXggDFbycmUod4DMWqEDzsa-6-k
2025-05-10 10:26:09 INFO  [http-nio-8888-exec-9] c.k.h.service.impl.AuthServiceImpl - Validate token func: true
2025-05-10 10:26:09 INFO  [http-nio-8888-exec-9] c.k.h.config.CustomJwtDecoder - Token validation response: true
2025-05-10 10:26:09 INFO  [http-nio-8888-exec-9] c.k.h.config.CustomJwtDecoder - Subject: 54dull@chefalicious.com
2025-05-10 10:26:09 INFO  [http-nio-8888-exec-9] c.k.h.s.impl.PropertyServiceImpl - Owner added to property: 54dull@chefalicious.com
2025-05-10 10:26:09 INFO  [http-nio-8888-exec-9] c.k.h.s.impl.PropertyServiceImpl - Category added to property: 3
2025-05-10 10:26:09 INFO  [http-nio-8888-exec-9] c.k.h.s.impl.PropertyServiceImpl - Property saved: null
2025-05-10 10:26:09 INFO  [http-nio-8888-exec-9] c.k.h.s.impl.PropertyServiceImpl - Valid attribute id: 1
2025-05-10 10:26:09 INFO  [http-nio-8888-exec-9] c.k.h.s.impl.PropertyServiceImpl - Valid attribute id: 4
2025-05-10 10:26:09 INFO  [http-nio-8888-exec-9] c.k.h.s.impl.PropertyServiceImpl - Valid attribute id: 11
2025-05-10 10:26:09 INFO  [http-nio-8888-exec-9] c.k.h.s.impl.PropertyServiceImpl - Valid attribute id: 13
2025-05-10 10:26:09 INFO  [http-nio-8888-exec-9] c.k.h.s.impl.PropertyServiceImpl - Valid attribute id: 14
2025-05-10 10:26:09 INFO  [http-nio-8888-exec-9] c.k.h.s.impl.PropertyServiceImpl - Valid attribute id: 15
2025-05-10 10:26:14 INFO  [http-nio-8888-exec-9] c.k.h.s.impl.PropertyServiceImpl - Amenity added to property: 4
2025-05-10 10:26:14 INFO  [http-nio-8888-exec-9] c.k.h.s.impl.PropertyServiceImpl - Amenity added to property: 5
2025-05-10 10:26:14 INFO  [http-nio-8888-exec-9] c.k.h.s.impl.PropertyServiceImpl - Property saved: 50
2025-05-10 10:26:17 INFO  [http-nio-8888-exec-1] c.k.h.config.CustomJwtDecoder - Validating token: eyJhbGciOiJIUzI1NiJ9.eyJzdWIiOiI1NGR1bGxAY2hlZmFsaWNpb3VzLmNvbSIsImFjY291bnRJZCI6NCwic2NvcGUiOiJPV05FUiIsImlzcyI6ImRldiIsImV4cCI6MTc0Njg1NzQ2MCwiaWF0IjoxNzQ2ODQ3NDYwLCJqdGkiOiJlOGRmYWZjYS03MzIyLTQzMDQtOGI0ZC01MjJmZWQ0ZmRmMzUifQ.pgG5W6N92pGIkbluEXggDFbycmUod4DMWqEDzsa-6-k
2025-05-10 10:26:17 INFO  [http-nio-8888-exec-1] c.k.h.service.impl.AuthServiceImpl - Validate token func: true
2025-05-10 10:26:17 INFO  [http-nio-8888-exec-1] c.k.h.config.CustomJwtDecoder - Token validation response: true
2025-05-10 10:26:17 INFO  [http-nio-8888-exec-1] c.k.h.config.CustomJwtDecoder - Subject: 54dull@chefalicious.com
2025-05-10 10:26:17 INFO  [http-nio-8888-exec-8] c.k.h.config.CustomJwtDecoder - Validating token: eyJhbGciOiJIUzI1NiJ9.eyJzdWIiOiI1NGR1bGxAY2hlZmFsaWNpb3VzLmNvbSIsImFjY291bnRJZCI6NCwic2NvcGUiOiJPV05FUiIsImlzcyI6ImRldiIsImV4cCI6MTc0Njg1NzQ2MCwiaWF0IjoxNzQ2ODQ3NDYwLCJqdGkiOiJlOGRmYWZjYS03MzIyLTQzMDQtOGI0ZC01MjJmZWQ0ZmRmMzUifQ.pgG5W6N92pGIkbluEXggDFbycmUod4DMWqEDzsa-6-k
2025-05-10 10:26:17 INFO  [http-nio-8888-exec-8] c.k.h.service.impl.AuthServiceImpl - Validate token func: true
2025-05-10 10:26:17 INFO  [http-nio-8888-exec-8] c.k.h.config.CustomJwtDecoder - Token validation response: true
2025-05-10 10:26:17 INFO  [http-nio-8888-exec-8] c.k.h.config.CustomJwtDecoder - Subject: 54dull@chefalicious.com
2025-05-10 10:29:47 INFO  [org.springframework.kafka.KafkaListenerEndpointContainer#0-0-C-1] o.apache.kafka.clients.NetworkClient - [Consumer clientId=consumer-renHome-1, groupId=renHome] Node -1 disconnected.
2025-05-10 10:35:00 INFO  [MessageBroker-1] c.k.h.service.impl.LeaseServiceImpl - Active prebooked lease finished.
2025-05-10 10:39:47 INFO  [org.springframework.kafka.KafkaListenerEndpointContainer#0-0-C-1] o.apache.kafka.clients.NetworkClient - [Consumer clientId=consumer-renHome-1, groupId=renHome] Node -1 disconnected.
2025-05-10 10:51:46 INFO  [MessageBroker-1] o.s.w.s.c.WebSocketMessageBrokerStats - WebSocketSession[2 current WS(2)-HttpStream(0)-HttpPoll(0), 8 total, 1 closed abnormally (1 connect failure, 0 send limit, 0 transport error)], stompSubProtocol[processed CONNECT(4)-CONNECTED(4)-DISCONNECT(3)], stompBrokerRelay[null], inboundChannel[pool size = 0, active threads = 0, queued tasks = 0, completed tasks = 51], outboundChannel[pool size = 0, active threads = 0, queued tasks = 0, completed tasks = 13], sockJsScheduler[pool size = 8, active threads = 1, queued tasks = 4, completed tasks = 499]
2025-05-10 10:52:27 INFO  [http-nio-8888-exec-5] c.k.h.config.CustomJwtDecoder - Validating token: eyJhbGciOiJIUzI1NiJ9.eyJzdWIiOiI1NGR1bGxAY2hlZmFsaWNpb3VzLmNvbSIsImFjY291bnRJZCI6NCwic2NvcGUiOiJPV05FUiIsImlzcyI6ImRldiIsImV4cCI6MTc0Njg1NzQ2MCwiaWF0IjoxNzQ2ODQ3NDYwLCJqdGkiOiJlOGRmYWZjYS03MzIyLTQzMDQtOGI0ZC01MjJmZWQ0ZmRmMzUifQ.pgG5W6N92pGIkbluEXggDFbycmUod4DMWqEDzsa-6-k
2025-05-10 10:52:27 INFO  [http-nio-8888-exec-5] c.k.h.service.impl.AuthServiceImpl - Validate token func: true
2025-05-10 10:52:27 INFO  [http-nio-8888-exec-5] c.k.h.config.CustomJwtDecoder - Token validation response: true
2025-05-10 10:52:27 INFO  [http-nio-8888-exec-5] c.k.h.config.CustomJwtDecoder - Subject: 54dull@chefalicious.com
2025-05-10 10:52:27 INFO  [http-nio-8888-exec-3] c.k.h.config.CustomJwtDecoder - Validating token: eyJhbGciOiJIUzI1NiJ9.eyJzdWIiOiI1NGR1bGxAY2hlZmFsaWNpb3VzLmNvbSIsImFjY291bnRJZCI6NCwic2NvcGUiOiJPV05FUiIsImlzcyI6ImRldiIsImV4cCI6MTc0Njg1NzQ2MCwiaWF0IjoxNzQ2ODQ3NDYwLCJqdGkiOiJlOGRmYWZjYS03MzIyLTQzMDQtOGI0ZC01MjJmZWQ0ZmRmMzUifQ.pgG5W6N92pGIkbluEXggDFbycmUod4DMWqEDzsa-6-k
2025-05-10 10:52:27 INFO  [http-nio-8888-exec-3] c.k.h.service.impl.AuthServiceImpl - Validate token func: true
2025-05-10 10:52:27 INFO  [http-nio-8888-exec-3] c.k.h.config.CustomJwtDecoder - Token validation response: true
2025-05-10 10:52:27 INFO  [http-nio-8888-exec-3] c.k.h.config.CustomJwtDecoder - Subject: 54dull@chefalicious.com
2025-05-10 10:52:48 INFO  [http-nio-8888-exec-7] c.k.h.config.CustomJwtDecoder - Validating token: eyJhbGciOiJIUzI1NiJ9.eyJzdWIiOiI1NGR1bGxAY2hlZmFsaWNpb3VzLmNvbSIsImFjY291bnRJZCI6NCwic2NvcGUiOiJPV05FUiIsImlzcyI6ImRldiIsImV4cCI6MTc0Njg1NzQ2MCwiaWF0IjoxNzQ2ODQ3NDYwLCJqdGkiOiJlOGRmYWZjYS03MzIyLTQzMDQtOGI0ZC01MjJmZWQ0ZmRmMzUifQ.pgG5W6N92pGIkbluEXggDFbycmUod4DMWqEDzsa-6-k
2025-05-10 10:52:48 INFO  [http-nio-8888-exec-7] c.k.h.service.impl.AuthServiceImpl - Validate token func: true
2025-05-10 10:52:48 INFO  [http-nio-8888-exec-7] c.k.h.config.CustomJwtDecoder - Token validation response: true
2025-05-10 10:52:48 INFO  [http-nio-8888-exec-7] c.k.h.config.CustomJwtDecoder - Subject: 54dull@chefalicious.com
2025-05-10 10:52:48 INFO  [http-nio-8888-exec-6] c.k.h.config.CustomJwtDecoder - Validating token: eyJhbGciOiJIUzI1NiJ9.eyJzdWIiOiI1NGR1bGxAY2hlZmFsaWNpb3VzLmNvbSIsImFjY291bnRJZCI6NCwic2NvcGUiOiJPV05FUiIsImlzcyI6ImRldiIsImV4cCI6MTc0Njg1NzQ2MCwiaWF0IjoxNzQ2ODQ3NDYwLCJqdGkiOiJlOGRmYWZjYS03MzIyLTQzMDQtOGI0ZC01MjJmZWQ0ZmRmMzUifQ.pgG5W6N92pGIkbluEXggDFbycmUod4DMWqEDzsa-6-k
2025-05-10 10:52:48 INFO  [http-nio-8888-exec-6] c.k.h.service.impl.AuthServiceImpl - Validate token func: true
2025-05-10 10:52:48 INFO  [http-nio-8888-exec-6] c.k.h.config.CustomJwtDecoder - Token validation response: true
2025-05-10 10:52:48 INFO  [http-nio-8888-exec-6] c.k.h.config.CustomJwtDecoder - Subject: 54dull@chefalicious.com
2025-05-10 10:53:04 INFO  [http-nio-8888-exec-9] c.k.h.config.CustomJwtDecoder - Validating token: eyJhbGciOiJIUzI1NiJ9.eyJzdWIiOiI1NGR1bGxAY2hlZmFsaWNpb3VzLmNvbSIsImFjY291bnRJZCI6NCwic2NvcGUiOiJPV05FUiIsImlzcyI6ImRldiIsImV4cCI6MTc0Njg1NzQ2MCwiaWF0IjoxNzQ2ODQ3NDYwLCJqdGkiOiJlOGRmYWZjYS03MzIyLTQzMDQtOGI0ZC01MjJmZWQ0ZmRmMzUifQ.pgG5W6N92pGIkbluEXggDFbycmUod4DMWqEDzsa-6-k
2025-05-10 10:53:04 INFO  [http-nio-8888-exec-9] c.k.h.service.impl.AuthServiceImpl - Validate token func: true
2025-05-10 10:53:04 INFO  [http-nio-8888-exec-9] c.k.h.config.CustomJwtDecoder - Token validation response: true
2025-05-10 10:53:04 INFO  [http-nio-8888-exec-9] c.k.h.config.CustomJwtDecoder - Subject: 54dull@chefalicious.com
2025-05-10 10:53:04 INFO  [http-nio-8888-exec-8] c.k.h.config.CustomJwtDecoder - Validating token: eyJhbGciOiJIUzI1NiJ9.eyJzdWIiOiI1NGR1bGxAY2hlZmFsaWNpb3VzLmNvbSIsImFjY291bnRJZCI6NCwic2NvcGUiOiJPV05FUiIsImlzcyI6ImRldiIsImV4cCI6MTc0Njg1NzQ2MCwiaWF0IjoxNzQ2ODQ3NDYwLCJqdGkiOiJlOGRmYWZjYS03MzIyLTQzMDQtOGI0ZC01MjJmZWQ0ZmRmMzUifQ.pgG5W6N92pGIkbluEXggDFbycmUod4DMWqEDzsa-6-k
2025-05-10 10:53:04 INFO  [http-nio-8888-exec-8] c.k.h.service.impl.AuthServiceImpl - Validate token func: true
2025-05-10 10:53:04 INFO  [http-nio-8888-exec-8] c.k.h.config.CustomJwtDecoder - Token validation response: true
2025-05-10 10:53:04 INFO  [http-nio-8888-exec-8] c.k.h.config.CustomJwtDecoder - Subject: 54dull@chefalicious.com
2025-05-10 11:21:46 INFO  [MessageBroker-2] o.s.w.s.c.WebSocketMessageBrokerStats - WebSocketSession[2 current WS(2)-HttpStream(0)-HttpPoll(0), 8 total, 1 closed abnormally (1 connect failure, 0 send limit, 0 transport error)], stompSubProtocol[processed CONNECT(4)-CONNECTED(4)-DISCONNECT(3)], stompBrokerRelay[null], inboundChannel[pool size = 0, active threads = 0, queued tasks = 0, completed tasks = 51], outboundChannel[pool size = 0, active threads = 0, queued tasks = 0, completed tasks = 13], sockJsScheduler[pool size = 8, active threads = 1, queued tasks = 4, completed tasks = 1004]
2025-05-10 11:51:46 INFO  [MessageBroker-1] o.s.w.s.c.WebSocketMessageBrokerStats - WebSocketSession[0 current WS(0)-HttpStream(0)-HttpPoll(0), 8 total, 1 closed abnormally (1 connect failure, 0 send limit, 0 transport error)], stompSubProtocol[processed CONNECT(4)-CONNECTED(4)-DISCONNECT(3)], stompBrokerRelay[null], inboundChannel[pool size = 0, active threads = 0, queued tasks = 0, completed tasks = 57], outboundChannel[pool size = 0, active threads = 0, queued tasks = 0, completed tasks = 15], sockJsScheduler[pool size = 8, active threads = 1, queued tasks = 2, completed tasks = 1427]
