2025-04-28 13:45:49 INFO  [main] c.k.h.HomeRentalSystemApplication - Starting HomeRentalSystemApplication using Java 21.0.3 with PID 17360 (E:\Document\project-spring\rent-house\home-rental\home-rental-system\target\classes started by whyia in E:\Document\project-spring\rent-house\home-rental\home-rental-system)
2025-04-28 13:45:49 INFO  [main] c.k.h.HomeRentalSystemApplication - No active profile set, falling back to 1 default profile: "default"
2025-04-28 13:45:50 INFO  [main] o.s.d.r.c.RepositoryConfigurationDelegate - Multiple Spring Data modules found, entering strict repository configuration mode
2025-04-28 13:45:50 INFO  [main] o.s.d.r.c.RepositoryConfigurationDelegate - Bootstrapping Spring Data JPA repositories in DEFAULT mode.
2025-04-28 13:45:50 INFO  [main] o.s.d.r.c.RepositoryConfigurationDelegate - Finished Spring Data repository scanning in 183 ms. Found 15 JPA repository interfaces.
2025-04-28 13:45:50 INFO  [main] o.s.d.r.c.RepositoryConfigurationDelegate - Multiple Spring Data modules found, entering strict repository configuration mode
2025-04-28 13:45:50 INFO  [main] o.s.d.r.c.RepositoryConfigurationDelegate - Bootstrapping Spring Data Redis repositories in DEFAULT mode.
2025-04-28 13:45:50 INFO  [main] o.s.d.r.c.RepositoryConfigurationExtensionSupport - Spring Data Redis - Could not safely identify store assignment for repository candidate interface com.kir.homerentalsystem.repository.AccountRepository; If you want this repository to be a Redis repository, consider annotating your entities with one of these annotations: org.springframework.data.redis.core.RedisHash (preferred), or consider extending one of the following types with your repository: org.springframework.data.keyvalue.repository.KeyValueRepository
2025-04-28 13:45:50 INFO  [main] o.s.d.r.c.RepositoryConfigurationExtensionSupport - Spring Data Redis - Could not safely identify store assignment for repository candidate interface com.kir.homerentalsystem.repository.AmenityRepository; If you want this repository to be a Redis repository, consider annotating your entities with one of these annotations: org.springframework.data.redis.core.RedisHash (preferred), or consider extending one of the following types with your repository: org.springframework.data.keyvalue.repository.KeyValueRepository
2025-04-28 13:45:50 INFO  [main] o.s.d.r.c.RepositoryConfigurationExtensionSupport - Spring Data Redis - Could not safely identify store assignment for repository candidate interface com.kir.homerentalsystem.repository.CategoryAttributeRepository; If you want this repository to be a Redis repository, consider annotating your entities with one of these annotations: org.springframework.data.redis.core.RedisHash (preferred), or consider extending one of the following types with your repository: org.springframework.data.keyvalue.repository.KeyValueRepository
2025-04-28 13:45:50 INFO  [main] o.s.d.r.c.RepositoryConfigurationExtensionSupport - Spring Data Redis - Could not safely identify store assignment for repository candidate interface com.kir.homerentalsystem.repository.InvalidatedTokenRepository; If you want this repository to be a Redis repository, consider annotating your entities with one of these annotations: org.springframework.data.redis.core.RedisHash (preferred), or consider extending one of the following types with your repository: org.springframework.data.keyvalue.repository.KeyValueRepository
2025-04-28 13:45:50 INFO  [main] o.s.d.r.c.RepositoryConfigurationExtensionSupport - Spring Data Redis - Could not safely identify store assignment for repository candidate interface com.kir.homerentalsystem.repository.LocationRepository; If you want this repository to be a Redis repository, consider annotating your entities with one of these annotations: org.springframework.data.redis.core.RedisHash (preferred), or consider extending one of the following types with your repository: org.springframework.data.keyvalue.repository.KeyValueRepository
2025-04-28 13:45:50 INFO  [main] o.s.d.r.c.RepositoryConfigurationExtensionSupport - Spring Data Redis - Could not safely identify store assignment for repository candidate interface com.kir.homerentalsystem.repository.NotificationRepository; If you want this repository to be a Redis repository, consider annotating your entities with one of these annotations: org.springframework.data.redis.core.RedisHash (preferred), or consider extending one of the following types with your repository: org.springframework.data.keyvalue.repository.KeyValueRepository
2025-04-28 13:45:50 INFO  [main] o.s.d.r.c.RepositoryConfigurationExtensionSupport - Spring Data Redis - Could not safely identify store assignment for repository candidate interface com.kir.homerentalsystem.repository.OwnerRepository; If you want this repository to be a Redis repository, consider annotating your entities with one of these annotations: org.springframework.data.redis.core.RedisHash (preferred), or consider extending one of the following types with your repository: org.springframework.data.keyvalue.repository.KeyValueRepository
2025-04-28 13:45:50 INFO  [main] o.s.d.r.c.RepositoryConfigurationExtensionSupport - Spring Data Redis - Could not safely identify store assignment for repository candidate interface com.kir.homerentalsystem.repository.PropertyAttributeRepository; If you want this repository to be a Redis repository, consider annotating your entities with one of these annotations: org.springframework.data.redis.core.RedisHash (preferred), or consider extending one of the following types with your repository: org.springframework.data.keyvalue.repository.KeyValueRepository
2025-04-28 13:45:50 INFO  [main] o.s.d.r.c.RepositoryConfigurationExtensionSupport - Spring Data Redis - Could not safely identify store assignment for repository candidate interface com.kir.homerentalsystem.repository.PropertyAttributeValueRepository; If you want this repository to be a Redis repository, consider annotating your entities with one of these annotations: org.springframework.data.redis.core.RedisHash (preferred), or consider extending one of the following types with your repository: org.springframework.data.keyvalue.repository.KeyValueRepository
2025-04-28 13:45:50 INFO  [main] o.s.d.r.c.RepositoryConfigurationExtensionSupport - Spring Data Redis - Could not safely identify store assignment for repository candidate interface com.kir.homerentalsystem.repository.PropertyCategoryRepository; If you want this repository to be a Redis repository, consider annotating your entities with one of these annotations: org.springframework.data.redis.core.RedisHash (preferred), or consider extending one of the following types with your repository: org.springframework.data.keyvalue.repository.KeyValueRepository
2025-04-28 13:45:50 INFO  [main] o.s.d.r.c.RepositoryConfigurationExtensionSupport - Spring Data Redis - Could not safely identify store assignment for repository candidate interface com.kir.homerentalsystem.repository.PropertyImageRepository; If you want this repository to be a Redis repository, consider annotating your entities with one of these annotations: org.springframework.data.redis.core.RedisHash (preferred), or consider extending one of the following types with your repository: org.springframework.data.keyvalue.repository.KeyValueRepository
2025-04-28 13:45:50 INFO  [main] o.s.d.r.c.RepositoryConfigurationExtensionSupport - Spring Data Redis - Could not safely identify store assignment for repository candidate interface com.kir.homerentalsystem.repository.PropertyRepository; If you want this repository to be a Redis repository, consider annotating your entities with one of these annotations: org.springframework.data.redis.core.RedisHash (preferred), or consider extending one of the following types with your repository: org.springframework.data.keyvalue.repository.KeyValueRepository
2025-04-28 13:45:50 INFO  [main] o.s.d.r.c.RepositoryConfigurationExtensionSupport - Spring Data Redis - Could not safely identify store assignment for repository candidate interface com.kir.homerentalsystem.repository.PropertyViewingRepository; If you want this repository to be a Redis repository, consider annotating your entities with one of these annotations: org.springframework.data.redis.core.RedisHash (preferred), or consider extending one of the following types with your repository: org.springframework.data.keyvalue.repository.KeyValueRepository
2025-04-28 13:45:50 INFO  [main] o.s.d.r.c.RepositoryConfigurationExtensionSupport - Spring Data Redis - Could not safely identify store assignment for repository candidate interface com.kir.homerentalsystem.repository.RoleRepository; If you want this repository to be a Redis repository, consider annotating your entities with one of these annotations: org.springframework.data.redis.core.RedisHash (preferred), or consider extending one of the following types with your repository: org.springframework.data.keyvalue.repository.KeyValueRepository
2025-04-28 13:45:50 INFO  [main] o.s.d.r.c.RepositoryConfigurationExtensionSupport - Spring Data Redis - Could not safely identify store assignment for repository candidate interface com.kir.homerentalsystem.repository.TenantRepository; If you want this repository to be a Redis repository, consider annotating your entities with one of these annotations: org.springframework.data.redis.core.RedisHash (preferred), or consider extending one of the following types with your repository: org.springframework.data.keyvalue.repository.KeyValueRepository
2025-04-28 13:45:50 INFO  [main] o.s.d.r.c.RepositoryConfigurationDelegate - Finished Spring Data repository scanning in 10 ms. Found 0 Redis repository interfaces.
2025-04-28 13:45:51 INFO  [main] o.s.b.w.e.tomcat.TomcatWebServer - Tomcat initialized with port 8888 (http)
2025-04-28 13:45:51 INFO  [main] o.a.coyote.http11.Http11NioProtocol - Initializing ProtocolHandler ["http-nio-8888"]
2025-04-28 13:45:51 INFO  [main] o.a.catalina.core.StandardService - Starting service [Tomcat]
2025-04-28 13:45:51 INFO  [main] o.a.catalina.core.StandardEngine - Starting Servlet engine: [Apache Tomcat/10.1.33]
2025-04-28 13:45:51 INFO  [main] o.a.c.c.C.[.[localhost].[/api/v1] - Initializing Spring embedded WebApplicationContext
2025-04-28 13:45:51 INFO  [main] o.s.b.w.s.c.ServletWebServerApplicationContext - Root WebApplicationContext: initialization completed in 1959 ms
2025-04-28 13:45:51 INFO  [main] o.h.jpa.internal.util.LogHelper - HHH000204: Processing PersistenceUnitInfo [name: default]
2025-04-28 13:45:51 INFO  [main] org.hibernate.Version - HHH000412: Hibernate ORM core version 6.6.2.Final
2025-04-28 13:45:51 INFO  [main] o.h.c.i.RegionFactoryInitiator - HHH000026: Second-level cache disabled
2025-04-28 13:45:51 INFO  [main] o.s.o.j.p.SpringPersistenceUnitInfo - No LoadTimeWeaver setup: ignoring JPA class transformer
2025-04-28 13:45:51 INFO  [main] com.zaxxer.hikari.HikariDataSource - HikariPool-1 - Starting...
2025-04-28 13:45:52 INFO  [main] com.zaxxer.hikari.pool.HikariPool - HikariPool-1 - Added connection com.mysql.cj.jdbc.ConnectionImpl@53d2f0ec
2025-04-28 13:45:52 INFO  [main] com.zaxxer.hikari.HikariDataSource - HikariPool-1 - Start completed.
2025-04-28 13:45:52 INFO  [main] o.hibernate.orm.connections.pooling - HHH10001005: Database info:
	Database JDBC URL [Connecting through datasource 'HikariDataSource (HikariPool-1)']
	Database driver: undefined/unknown
	Database version: 8.0.38
	Autocommit mode: undefined/unknown
	Isolation level: undefined/unknown
	Minimum pool size: undefined/unknown
	Maximum pool size: undefined/unknown
2025-04-28 13:45:53 INFO  [main] o.h.e.t.j.p.i.JtaPlatformInitiator - HHH000489: No JTA platform available (set 'hibernate.transaction.jta.platform' to enable JTA platform integration)
2025-04-28 13:45:53 INFO  [main] o.s.o.j.LocalContainerEntityManagerFactoryBean - Initialized JPA EntityManagerFactory for persistence unit 'default'
2025-04-28 13:45:54 WARN  [main] o.s.b.a.o.j.JpaBaseConfiguration$JpaWebConfiguration - spring.jpa.open-in-view is enabled by default. Therefore, database queries may be performed during view rendering. Explicitly configure spring.jpa.open-in-view to disable this warning
2025-04-28 13:45:55 INFO  [main] o.s.m.s.b.SimpleBrokerMessageHandler - Starting...
2025-04-28 13:45:55 INFO  [main] o.s.m.s.b.SimpleBrokerMessageHandler - BrokerAvailabilityEvent[available=true, SimpleBrokerMessageHandler [org.springframework.messaging.simp.broker.DefaultSubscriptionRegistry@222abb8f]]
2025-04-28 13:45:55 INFO  [main] o.s.m.s.b.SimpleBrokerMessageHandler - Started.
2025-04-28 13:45:55 INFO  [main] o.a.coyote.http11.Http11NioProtocol - Starting ProtocolHandler ["http-nio-8888"]
2025-04-28 13:45:55 INFO  [main] o.s.b.w.e.tomcat.TomcatWebServer - Tomcat started on port 8888 (http) with context path '/api/v1'
2025-04-28 13:45:55 INFO  [main] o.a.k.c.consumer.ConsumerConfig - ConsumerConfig values: 
	allow.auto.create.topics = true
	auto.commit.interval.ms = 5000
	auto.include.jmx.reporter = true
	auto.offset.reset = earliest
	bootstrap.servers = [localhost:9094]
	check.crcs = true
	client.dns.lookup = use_all_dns_ips
	client.id = consumer-renHome-1
	client.rack = 
	connections.max.idle.ms = 540000
	default.api.timeout.ms = 60000
	enable.auto.commit = false
	enable.metrics.push = true
	exclude.internal.topics = true
	fetch.max.bytes = 52428800
	fetch.max.wait.ms = 500
	fetch.min.bytes = 1
	group.id = renHome
	group.instance.id = null
	group.protocol = classic
	group.remote.assignor = null
	heartbeat.interval.ms = 3000
	interceptor.classes = []
	internal.leave.group.on.close = true
	internal.throw.on.fetch.stable.offset.unsupported = false
	isolation.level = read_uncommitted
	key.deserializer = class org.apache.kafka.common.serialization.StringDeserializer
	max.partition.fetch.bytes = 1048576
	max.poll.interval.ms = 300000
	max.poll.records = 500
	metadata.max.age.ms = 300000
	metadata.recovery.strategy = none
	metric.reporters = []
	metrics.num.samples = 2
	metrics.recording.level = INFO
	metrics.sample.window.ms = 30000
	partition.assignment.strategy = [class org.apache.kafka.clients.consumer.RangeAssignor, class org.apache.kafka.clients.consumer.CooperativeStickyAssignor]
	receive.buffer.bytes = 65536
	reconnect.backoff.max.ms = 1000
	reconnect.backoff.ms = 50
	request.timeout.ms = 30000
	retry.backoff.max.ms = 1000
	retry.backoff.ms = 100
	sasl.client.callback.handler.class = null
	sasl.jaas.config = null
	sasl.kerberos.kinit.cmd = /usr/bin/kinit
	sasl.kerberos.min.time.before.relogin = 60000
	sasl.kerberos.service.name = null
	sasl.kerberos.ticket.renew.jitter = 0.05
	sasl.kerberos.ticket.renew.window.factor = 0.8
	sasl.login.callback.handler.class = null
	sasl.login.class = null
	sasl.login.connect.timeout.ms = null
	sasl.login.read.timeout.ms = null
	sasl.login.refresh.buffer.seconds = 300
	sasl.login.refresh.min.period.seconds = 60
	sasl.login.refresh.window.factor = 0.8
	sasl.login.refresh.window.jitter = 0.05
	sasl.login.retry.backoff.max.ms = 10000
	sasl.login.retry.backoff.ms = 100
	sasl.mechanism = GSSAPI
	sasl.oauthbearer.clock.skew.seconds = 30
	sasl.oauthbearer.expected.audience = null
	sasl.oauthbearer.expected.issuer = null
	sasl.oauthbearer.jwks.endpoint.refresh.ms = 3600000
	sasl.oauthbearer.jwks.endpoint.retry.backoff.max.ms = 10000
	sasl.oauthbearer.jwks.endpoint.retry.backoff.ms = 100
	sasl.oauthbearer.jwks.endpoint.url = null
	sasl.oauthbearer.scope.claim.name = scope
	sasl.oauthbearer.sub.claim.name = sub
	sasl.oauthbearer.token.endpoint.url = null
	security.protocol = PLAINTEXT
	security.providers = null
	send.buffer.bytes = 131072
	session.timeout.ms = 45000
	socket.connection.setup.timeout.max.ms = 30000
	socket.connection.setup.timeout.ms = 10000
	ssl.cipher.suites = null
	ssl.enabled.protocols = [TLSv1.2, TLSv1.3]
	ssl.endpoint.identification.algorithm = https
	ssl.engine.factory.class = null
	ssl.key.password = null
	ssl.keymanager.algorithm = SunX509
	ssl.keystore.certificate.chain = null
	ssl.keystore.key = null
	ssl.keystore.location = null
	ssl.keystore.password = null
	ssl.keystore.type = JKS
	ssl.protocol = TLSv1.3
	ssl.provider = null
	ssl.secure.random.implementation = null
	ssl.trustmanager.algorithm = PKIX
	ssl.truststore.certificates = null
	ssl.truststore.location = null
	ssl.truststore.password = null
	ssl.truststore.type = JKS
	value.deserializer = class org.springframework.kafka.support.serializer.JsonDeserializer

2025-04-28 13:45:55 INFO  [main] o.a.k.c.t.i.KafkaMetricsCollector - initializing Kafka metrics collector
2025-04-28 13:45:55 INFO  [main] o.a.kafka.common.utils.AppInfoParser - Kafka version: 3.8.1
2025-04-28 13:45:55 INFO  [main] o.a.kafka.common.utils.AppInfoParser - Kafka commitId: 70d6ff42debf7e17
2025-04-28 13:45:55 INFO  [main] o.a.kafka.common.utils.AppInfoParser - Kafka startTimeMs: 1745822755520
2025-04-28 13:45:55 INFO  [main] o.a.k.c.c.i.LegacyKafkaConsumer - [Consumer clientId=consumer-renHome-1, groupId=renHome] Subscribed to topic(s): otp-topic-v1
2025-04-28 13:45:55 INFO  [main] c.k.h.HomeRentalSystemApplication - Started HomeRentalSystemApplication in 6.874 seconds (process running for 7.76)
2025-04-28 13:45:55 INFO  [org.springframework.kafka.KafkaListenerEndpointContainer#0-0-C-1] org.apache.kafka.clients.Metadata - [Consumer clientId=consumer-renHome-1, groupId=renHome] Cluster ID: eo6I1RrMRJ-KkDqQGogutw
2025-04-28 13:45:55 INFO  [org.springframework.kafka.KafkaListenerEndpointContainer#0-0-C-1] o.a.k.c.c.i.ConsumerCoordinator - [Consumer clientId=consumer-renHome-1, groupId=renHome] Discovered group coordinator localhost:9094 (id: 2147483647 rack: null)
2025-04-28 13:45:55 INFO  [org.springframework.kafka.KafkaListenerEndpointContainer#0-0-C-1] o.a.k.c.c.i.ConsumerCoordinator - [Consumer clientId=consumer-renHome-1, groupId=renHome] (Re-)joining group
2025-04-28 13:45:55 INFO  [org.springframework.kafka.KafkaListenerEndpointContainer#0-0-C-1] o.a.k.c.c.i.ConsumerCoordinator - [Consumer clientId=consumer-renHome-1, groupId=renHome] Request joining group due to: need to re-join with the given member-id: consumer-renHome-1-e47e0fb1-55b7-4507-853f-0a7c4690311e
2025-04-28 13:45:55 INFO  [org.springframework.kafka.KafkaListenerEndpointContainer#0-0-C-1] o.a.k.c.c.i.ConsumerCoordinator - [Consumer clientId=consumer-renHome-1, groupId=renHome] (Re-)joining group
2025-04-28 13:45:58 INFO  [org.springframework.kafka.KafkaListenerEndpointContainer#0-0-C-1] o.a.k.c.c.i.ConsumerCoordinator - [Consumer clientId=consumer-renHome-1, groupId=renHome] Successfully joined group with generation Generation{generationId=465, memberId='consumer-renHome-1-e47e0fb1-55b7-4507-853f-0a7c4690311e', protocol='range'}
2025-04-28 13:45:58 INFO  [org.springframework.kafka.KafkaListenerEndpointContainer#0-0-C-1] o.a.k.c.c.i.ConsumerCoordinator - [Consumer clientId=consumer-renHome-1, groupId=renHome] Finished assignment for group at generation 465: {consumer-renHome-1-e47e0fb1-55b7-4507-853f-0a7c4690311e=Assignment(partitions=[otp-topic-v1-0])}
2025-04-28 13:45:58 INFO  [org.springframework.kafka.KafkaListenerEndpointContainer#0-0-C-1] o.a.k.c.c.i.ConsumerCoordinator - [Consumer clientId=consumer-renHome-1, groupId=renHome] Successfully synced group in generation Generation{generationId=465, memberId='consumer-renHome-1-e47e0fb1-55b7-4507-853f-0a7c4690311e', protocol='range'}
2025-04-28 13:45:58 INFO  [org.springframework.kafka.KafkaListenerEndpointContainer#0-0-C-1] o.a.k.c.c.i.ConsumerCoordinator - [Consumer clientId=consumer-renHome-1, groupId=renHome] Notifying assignor about the new Assignment(partitions=[otp-topic-v1-0])
2025-04-28 13:45:58 INFO  [org.springframework.kafka.KafkaListenerEndpointContainer#0-0-C-1] o.a.k.c.c.i.ConsumerRebalanceListenerInvoker - [Consumer clientId=consumer-renHome-1, groupId=renHome] Adding newly assigned partitions: otp-topic-v1-0
2025-04-28 13:45:58 INFO  [org.springframework.kafka.KafkaListenerEndpointContainer#0-0-C-1] o.a.k.c.c.internals.ConsumerUtils - Setting offset for partition otp-topic-v1-0 to the committed offset FetchPosition{offset=53, offsetEpoch=Optional.empty, currentLeader=LeaderAndEpoch{leader=Optional[localhost:9094 (id: 0 rack: null)], epoch=6}}
2025-04-28 13:45:58 INFO  [org.springframework.kafka.KafkaListenerEndpointContainer#0-0-C-1] o.s.k.l.KafkaMessageListenerContainer - renHome: partitions assigned: [otp-topic-v1-0]
2025-04-28 13:46:55 INFO  [MessageBroker-1] o.s.w.s.c.WebSocketMessageBrokerStats - WebSocketSession[0 current WS(0)-HttpStream(0)-HttpPoll(0), 0 total, 0 closed abnormally (0 connect failure, 0 send limit, 0 transport error)], stompSubProtocol[processed CONNECT(0)-CONNECTED(0)-DISCONNECT(0)], stompBrokerRelay[null], inboundChannel[pool size = 0, active threads = 0, queued tasks = 0, completed tasks = 0], outboundChannel[pool size = 0, active threads = 0, queued tasks = 0, completed tasks = 0], sockJsScheduler[pool size = 1, active threads = 1, queued tasks = 0, completed tasks = 0]
2025-04-28 13:47:23 INFO  [http-nio-8888-exec-1] o.a.c.c.C.[.[localhost].[/api/v1] - Initializing Spring DispatcherServlet 'dispatcherServlet'
2025-04-28 13:47:23 INFO  [http-nio-8888-exec-1] o.s.web.servlet.DispatcherServlet - Initializing Servlet 'dispatcherServlet'
2025-04-28 13:47:23 INFO  [http-nio-8888-exec-1] o.s.web.servlet.DispatcherServlet - Completed initialization in 16 ms
2025-04-28 13:47:24 INFO  [http-nio-8888-exec-5] c.k.h.config.CustomJwtDecoder - Validating token: eyJhbGciOiJIUzI1NiJ9.eyJzdWIiOiJ0LmhpZXV0cnVuZzJrM0BnbWFpbC5jb20iLCJhY2NvdW50SWQiOjIsInNjb3BlIjoiVEVOQU5UIiwiaXNzIjoiZGV2IiwiZXhwIjoxNzQ1ODMyODQ0LCJpYXQiOjE3NDU4MjI4NDQsImp0aSI6ImVkZjI2YzFmLTk5NTctNGY1OC1iZDQ3LTE0ODM3ODU0ZmRjYiJ9.WTNGnoj_4F5qbI5hBFd75HjoucynjKT6k0D-fJEGEZs
2025-04-28 13:47:24 INFO  [http-nio-8888-exec-4] c.k.h.config.CustomJwtDecoder - Validating token: eyJhbGciOiJIUzI1NiJ9.eyJzdWIiOiJ0LmhpZXV0cnVuZzJrM0BnbWFpbC5jb20iLCJhY2NvdW50SWQiOjIsInNjb3BlIjoiVEVOQU5UIiwiaXNzIjoiZGV2IiwiZXhwIjoxNzQ1ODMyODQ0LCJpYXQiOjE3NDU4MjI4NDQsImp0aSI6ImVkZjI2YzFmLTk5NTctNGY1OC1iZDQ3LTE0ODM3ODU0ZmRjYiJ9.WTNGnoj_4F5qbI5hBFd75HjoucynjKT6k0D-fJEGEZs
2025-04-28 13:47:24 INFO  [http-nio-8888-exec-5] c.k.h.service.impl.AuthServiceImpl - Validate token func: true
2025-04-28 13:47:24 INFO  [http-nio-8888-exec-4] c.k.h.service.impl.AuthServiceImpl - Validate token func: true
2025-04-28 13:47:24 INFO  [http-nio-8888-exec-5] c.k.h.config.CustomJwtDecoder - Token validation response: true
2025-04-28 13:47:24 INFO  [http-nio-8888-exec-4] c.k.h.config.CustomJwtDecoder - Token validation response: true
2025-04-28 13:47:24 INFO  [http-nio-8888-exec-5] c.k.h.config.CustomJwtDecoder - Subject: t.hieutrung2k3@gmail.com
2025-04-28 13:47:24 INFO  [http-nio-8888-exec-4] c.k.h.config.CustomJwtDecoder - Subject: t.hieutrung2k3@gmail.com
2025-04-28 13:47:24 INFO  [http-nio-8888-exec-5] c.k.h.controller.AccountController - Get my info
2025-04-28 13:47:45 INFO  [http-nio-8888-exec-5] c.k.h.config.CustomJwtDecoder - Validating token: eyJhbGciOiJIUzI1NiJ9.eyJzdWIiOiJ0LmhpZXV0cnVuZzJrM0BnbWFpbC5jb20iLCJhY2NvdW50SWQiOjIsInNjb3BlIjoiVEVOQU5UIiwiaXNzIjoiZGV2IiwiZXhwIjoxNzQ1ODMyODY1LCJpYXQiOjE3NDU4MjI4NjUsImp0aSI6IjViZGNjM2Y4LTJiYWQtNGRjNi04ZjhjLWZlYzM1NjQxNjU4YyJ9.-bvX0G88NvbDlS5OpIRrZ9PtvVZR3Fy-kv5s4l0eO34
2025-04-28 13:47:45 INFO  [http-nio-8888-exec-5] c.k.h.service.impl.AuthServiceImpl - Validate token func: true
2025-04-28 13:47:45 INFO  [http-nio-8888-exec-5] c.k.h.config.CustomJwtDecoder - Token validation response: true
2025-04-28 13:47:45 INFO  [http-nio-8888-exec-5] c.k.h.config.CustomJwtDecoder - Subject: t.hieutrung2k3@gmail.com
2025-04-28 13:47:45 INFO  [http-nio-8888-exec-5] c.k.h.controller.AccountController - Get my info
2025-04-28 13:47:45 INFO  [http-nio-8888-exec-7] c.k.h.config.CustomJwtDecoder - Validating token: eyJhbGciOiJIUzI1NiJ9.eyJzdWIiOiJ0LmhpZXV0cnVuZzJrM0BnbWFpbC5jb20iLCJhY2NvdW50SWQiOjIsInNjb3BlIjoiVEVOQU5UIiwiaXNzIjoiZGV2IiwiZXhwIjoxNzQ1ODMyODY1LCJpYXQiOjE3NDU4MjI4NjUsImp0aSI6IjViZGNjM2Y4LTJiYWQtNGRjNi04ZjhjLWZlYzM1NjQxNjU4YyJ9.-bvX0G88NvbDlS5OpIRrZ9PtvVZR3Fy-kv5s4l0eO34
2025-04-28 13:47:45 INFO  [http-nio-8888-exec-7] c.k.h.service.impl.AuthServiceImpl - Validate token func: true
2025-04-28 13:47:45 INFO  [http-nio-8888-exec-7] c.k.h.config.CustomJwtDecoder - Token validation response: true
2025-04-28 13:47:45 INFO  [http-nio-8888-exec-7] c.k.h.config.CustomJwtDecoder - Subject: t.hieutrung2k3@gmail.com
2025-04-28 13:54:56 INFO  [org.springframework.kafka.KafkaListenerEndpointContainer#0-0-C-1] o.apache.kafka.clients.NetworkClient - [Consumer clientId=consumer-renHome-1, groupId=renHome] Node -1 disconnected.
2025-04-28 14:04:56 INFO  [org.springframework.kafka.KafkaListenerEndpointContainer#0-0-C-1] o.apache.kafka.clients.NetworkClient - [Consumer clientId=consumer-renHome-1, groupId=renHome] Node -1 disconnected.
2025-04-28 14:16:55 INFO  [MessageBroker-5] o.s.w.s.c.WebSocketMessageBrokerStats - WebSocketSession[0 current WS(0)-HttpStream(0)-HttpPoll(0), 6 total, 0 closed abnormally (0 connect failure, 0 send limit, 0 transport error)], stompSubProtocol[processed CONNECT(2)-CONNECTED(2)-DISCONNECT(1)], stompBrokerRelay[null], inboundChannel[pool size = 0, active threads = 0, queued tasks = 0, completed tasks = 30], outboundChannel[pool size = 0, active threads = 0, queued tasks = 0, completed tasks = 9], sockJsScheduler[pool size = 8, active threads = 1, queued tasks = 1, completed tasks = 356]
2025-04-28 14:46:55 INFO  [MessageBroker-5] o.s.w.s.c.WebSocketMessageBrokerStats - WebSocketSession[0 current WS(0)-HttpStream(0)-HttpPoll(0), 6 total, 0 closed abnormally (0 connect failure, 0 send limit, 0 transport error)], stompSubProtocol[processed CONNECT(2)-CONNECTED(2)-DISCONNECT(1)], stompBrokerRelay[null], inboundChannel[pool size = 0, active threads = 0, queued tasks = 0, completed tasks = 30], outboundChannel[pool size = 0, active threads = 0, queued tasks = 0, completed tasks = 9], sockJsScheduler[pool size = 8, active threads = 1, queued tasks = 1, completed tasks = 717]
2025-04-28 15:16:55 INFO  [MessageBroker-4] o.s.w.s.c.WebSocketMessageBrokerStats - WebSocketSession[0 current WS(0)-HttpStream(0)-HttpPoll(0), 6 total, 0 closed abnormally (0 connect failure, 0 send limit, 0 transport error)], stompSubProtocol[processed CONNECT(2)-CONNECTED(2)-DISCONNECT(1)], stompBrokerRelay[null], inboundChannel[pool size = 0, active threads = 0, queued tasks = 0, completed tasks = 30], outboundChannel[pool size = 0, active threads = 0, queued tasks = 0, completed tasks = 9], sockJsScheduler[pool size = 8, active threads = 1, queued tasks = 1, completed tasks = 1078]
2025-04-28 15:46:55 INFO  [MessageBroker-2] o.s.w.s.c.WebSocketMessageBrokerStats - WebSocketSession[0 current WS(0)-HttpStream(0)-HttpPoll(0), 6 total, 0 closed abnormally (0 connect failure, 0 send limit, 0 transport error)], stompSubProtocol[processed CONNECT(2)-CONNECTED(2)-DISCONNECT(1)], stompBrokerRelay[null], inboundChannel[pool size = 0, active threads = 0, queued tasks = 0, completed tasks = 30], outboundChannel[pool size = 0, active threads = 0, queued tasks = 0, completed tasks = 9], sockJsScheduler[pool size = 8, active threads = 1, queued tasks = 1, completed tasks = 1439]
2025-04-28 16:16:55 INFO  [MessageBroker-5] o.s.w.s.c.WebSocketMessageBrokerStats - WebSocketSession[0 current WS(0)-HttpStream(0)-HttpPoll(0), 6 total, 0 closed abnormally (0 connect failure, 0 send limit, 0 transport error)], stompSubProtocol[processed CONNECT(2)-CONNECTED(2)-DISCONNECT(1)], stompBrokerRelay[null], inboundChannel[pool size = 0, active threads = 0, queued tasks = 0, completed tasks = 30], outboundChannel[pool size = 0, active threads = 0, queued tasks = 0, completed tasks = 9], sockJsScheduler[pool size = 8, active threads = 1, queued tasks = 1, completed tasks = 1800]
2025-04-28 16:46:55 INFO  [MessageBroker-5] o.s.w.s.c.WebSocketMessageBrokerStats - WebSocketSession[0 current WS(0)-HttpStream(0)-HttpPoll(0), 6 total, 0 closed abnormally (0 connect failure, 0 send limit, 0 transport error)], stompSubProtocol[processed CONNECT(2)-CONNECTED(2)-DISCONNECT(1)], stompBrokerRelay[null], inboundChannel[pool size = 0, active threads = 0, queued tasks = 0, completed tasks = 30], outboundChannel[pool size = 0, active threads = 0, queued tasks = 0, completed tasks = 9], sockJsScheduler[pool size = 8, active threads = 1, queued tasks = 1, completed tasks = 2161]
2025-04-28 17:02:43 INFO  [kafka-coordinator-heartbeat-thread | renHome] o.a.k.c.c.i.ConsumerCoordinator - [Consumer clientId=consumer-renHome-1, groupId=renHome] Group coordinator localhost:9094 (id: 2147483647 rack: null) is unavailable or invalid due to cause: session timed out without receiving a heartbeat response. isDisconnected: false. Rediscovery will be attempted.
2025-04-28 17:02:43 INFO  [kafka-coordinator-heartbeat-thread | renHome] o.a.k.c.c.i.ConsumerCoordinator - [Consumer clientId=consumer-renHome-1, groupId=renHome] Requesting disconnect from last known coordinator localhost:9094 (id: 2147483647 rack: null)
2025-04-28 17:02:43 INFO  [kafka-coordinator-heartbeat-thread | renHome] o.apache.kafka.clients.NetworkClient - [Consumer clientId=consumer-renHome-1, groupId=renHome] Client requested disconnect from node 2147483647
2025-04-28 17:02:43 INFO  [org.springframework.kafka.KafkaListenerEndpointContainer#0-0-C-1] o.a.k.c.c.i.ConsumerCoordinator - [Consumer clientId=consumer-renHome-1, groupId=renHome] Discovered group coordinator localhost:9094 (id: 2147483647 rack: null)
2025-04-28 17:02:47 WARN  [HikariPool-1 housekeeper] com.zaxxer.hikari.pool.HikariPool - HikariPool-1 - Thread starvation or clock leap detected (housekeeper delta=5m22s330ms665µs600ns).
2025-04-28 17:16:55 INFO  [MessageBroker-2] o.s.w.s.c.WebSocketMessageBrokerStats - WebSocketSession[0 current WS(0)-HttpStream(0)-HttpPoll(0), 6 total, 0 closed abnormally (0 connect failure, 0 send limit, 0 transport error)], stompSubProtocol[processed CONNECT(2)-CONNECTED(2)-DISCONNECT(1)], stompBrokerRelay[null], inboundChannel[pool size = 0, active threads = 0, queued tasks = 0, completed tasks = 30], outboundChannel[pool size = 0, active threads = 0, queued tasks = 0, completed tasks = 9], sockJsScheduler[pool size = 8, active threads = 1, queued tasks = 1, completed tasks = 2522]
2025-04-28 17:32:19 INFO  [org.springframework.kafka.KafkaListenerEndpointContainer#0-0-C-1] o.apache.kafka.clients.NetworkClient - [Consumer clientId=consumer-renHome-1, groupId=renHome] Node 2147483647 disconnected.
2025-04-28 17:32:19 INFO  [kafka-coordinator-heartbeat-thread | renHome] o.a.k.c.c.i.ConsumerCoordinator - [Consumer clientId=consumer-renHome-1, groupId=renHome] Group coordinator localhost:9094 (id: 2147483647 rack: null) is unavailable or invalid due to cause: coordinator unavailable. isDisconnected: true. Rediscovery will be attempted.
2025-04-28 17:32:19 INFO  [org.springframework.kafka.KafkaListenerEndpointContainer#0-0-C-1] o.a.k.c.c.i.ConsumerCoordinator - [Consumer clientId=consumer-renHome-1, groupId=renHome] Discovered group coordinator localhost:9094 (id: 2147483647 rack: null)
2025-04-28 17:32:19 INFO  [org.springframework.kafka.KafkaListenerEndpointContainer#0-0-C-1] o.a.k.c.c.i.ConsumerCoordinator - [Consumer clientId=consumer-renHome-1, groupId=renHome] Group coordinator localhost:9094 (id: 2147483647 rack: null) is unavailable or invalid due to cause: coordinator unavailable. isDisconnected: false. Rediscovery will be attempted.
2025-04-28 17:32:19 INFO  [org.springframework.kafka.KafkaListenerEndpointContainer#0-0-C-1] o.a.k.c.c.i.ConsumerCoordinator - [Consumer clientId=consumer-renHome-1, groupId=renHome] Requesting disconnect from last known coordinator localhost:9094 (id: 2147483647 rack: null)
2025-04-28 17:32:19 INFO  [org.springframework.kafka.KafkaListenerEndpointContainer#0-0-C-1] o.a.k.c.c.i.ConsumerCoordinator - [Consumer clientId=consumer-renHome-1, groupId=renHome] Discovered group coordinator localhost:9094 (id: 2147483647 rack: null)
2025-04-28 17:32:30 WARN  [HikariPool-1 housekeeper] com.zaxxer.hikari.pool.HikariPool - HikariPool-1 - Thread starvation or clock leap detected (housekeeper delta=13m42s846ms497µs700ns).
2025-04-28 17:46:55 INFO  [MessageBroker-8] o.s.w.s.c.WebSocketMessageBrokerStats - WebSocketSession[0 current WS(0)-HttpStream(0)-HttpPoll(0), 6 total, 0 closed abnormally (0 connect failure, 0 send limit, 0 transport error)], stompSubProtocol[processed CONNECT(2)-CONNECTED(2)-DISCONNECT(1)], stompBrokerRelay[null], inboundChannel[pool size = 0, active threads = 0, queued tasks = 0, completed tasks = 30], outboundChannel[pool size = 0, active threads = 0, queued tasks = 0, completed tasks = 9], sockJsScheduler[pool size = 8, active threads = 1, queued tasks = 1, completed tasks = 2883]
2025-04-28 17:53:03 INFO  [kafka-coordinator-heartbeat-thread | renHome] o.a.k.c.c.i.ConsumerCoordinator - [Consumer clientId=consumer-renHome-1, groupId=renHome] Group coordinator localhost:9094 (id: 2147483647 rack: null) is unavailable or invalid due to cause: session timed out without receiving a heartbeat response. isDisconnected: false. Rediscovery will be attempted.
2025-04-28 17:53:03 INFO  [kafka-coordinator-heartbeat-thread | renHome] o.a.k.c.c.i.ConsumerCoordinator - [Consumer clientId=consumer-renHome-1, groupId=renHome] Requesting disconnect from last known coordinator localhost:9094 (id: 2147483647 rack: null)
2025-04-28 17:53:03 INFO  [kafka-coordinator-heartbeat-thread | renHome] o.apache.kafka.clients.NetworkClient - [Consumer clientId=consumer-renHome-1, groupId=renHome] Client requested disconnect from node 2147483647
2025-04-28 17:53:03 INFO  [org.springframework.kafka.KafkaListenerEndpointContainer#0-0-C-1] o.a.k.c.c.i.ConsumerCoordinator - [Consumer clientId=consumer-renHome-1, groupId=renHome] Discovered group coordinator localhost:9094 (id: 2147483647 rack: null)
2025-04-28 17:53:28 WARN  [HikariPool-1 housekeeper] com.zaxxer.hikari.pool.HikariPool - HikariPool-1 - Thread starvation or clock leap detected (housekeeper delta=4m27s650ms39µs900ns).
